2025-04-24 00:02:05 INFO  [AsyncResolver-bootstrap-executor-%d] c.n.d.s.r.aws.ConfigClusterResolver - Resolving eureka endpoints via configuration
2025-04-24 00:07:06 INFO  [AsyncResolver-bootstrap-executor-%d] c.n.d.s.r.aws.ConfigClusterResolver - Resolving eureka endpoints via configuration
2025-04-24 00:12:06 INFO  [AsyncResolver-bootstrap-executor-%d] c.n.d.s.r.aws.ConfigClusterResolver - Resolving eureka endpoints via configuration
2025-04-24 00:17:06 INFO  [AsyncResolver-bootstrap-executor-%d] c.n.d.s.r.aws.ConfigClusterResolver - Resolving eureka endpoints via configuration
2025-04-24 00:22:06 INFO  [AsyncResolver-bootstrap-executor-%d] c.n.d.s.r.aws.ConfigClusterResolver - Resolving eureka endpoints via configuration
2025-04-24 00:27:06 INFO  [AsyncResolver-bootstrap-executor-%d] c.n.d.s.r.aws.ConfigClusterResolver - Resolving eureka endpoints via configuration
2025-04-24 00:32:06 INFO  [AsyncResolver-bootstrap-executor-%d] c.n.d.s.r.aws.ConfigClusterResolver - Resolving eureka endpoints via configuration
2025-04-24 00:37:06 INFO  [AsyncResolver-bootstrap-executor-%d] c.n.d.s.r.aws.ConfigClusterResolver - Resolving eureka endpoints via configuration
2025-04-24 00:42:06 INFO  [AsyncResolver-bootstrap-executor-%d] c.n.d.s.r.aws.ConfigClusterResolver - Resolving eureka endpoints via configuration
2025-04-24 00:47:06 INFO  [AsyncResolver-bootstrap-executor-%d] c.n.d.s.r.aws.ConfigClusterResolver - Resolving eureka endpoints via configuration
2025-04-24 00:52:06 INFO  [AsyncResolver-bootstrap-executor-%d] c.n.d.s.r.aws.ConfigClusterResolver - Resolving eureka endpoints via configuration
2025-04-24 00:57:06 INFO  [AsyncResolver-bootstrap-executor-%d] c.n.d.s.r.aws.ConfigClusterResolver - Resolving eureka endpoints via configuration
2025-04-24 01:00:12 INFO  [main] c.a.AuthenticationServiceApplication - Starting AuthenticationServiceApplication using Java 21.0.6 with PID 13700 (C:\Users\Hp\Desktop\Case Study\RMS\AuthenticationService\target\classes started by Hp in C:\Users\Hp\Desktop\Case Study\RMS\AuthenticationService)
2025-04-24 01:00:12 DEBUG [main] c.a.AuthenticationServiceApplication - Running with Spring Boot v3.4.4, Spring v6.2.5
2025-04-24 01:00:12 INFO  [main] c.a.AuthenticationServiceApplication - No active profile set, falling back to 1 default profile: "default"
2025-04-24 01:00:12 INFO  [main] o.s.d.r.c.RepositoryConfigurationDelegate - Bootstrapping Spring Data JPA repositories in DEFAULT mode.
2025-04-24 01:00:12 INFO  [main] o.s.d.r.c.RepositoryConfigurationDelegate - Finished Spring Data repository scanning in 106 ms. Found 1 JPA repository interface.
2025-04-24 01:00:13 INFO  [main] o.s.cloud.context.scope.GenericScope - BeanFactory id=e9c89bac-ec4a-3229-b871-8f0d82a3032b
2025-04-24 01:00:13 INFO  [main] o.s.b.w.e.tomcat.TomcatWebServer - Tomcat initialized with port 8081 (http)
2025-04-24 01:00:13 INFO  [main] o.a.coyote.http11.Http11NioProtocol - Initializing ProtocolHandler ["http-nio-8081"]
2025-04-24 01:00:13 INFO  [main] o.a.catalina.core.StandardService - Starting service [Tomcat]
2025-04-24 01:00:13 INFO  [main] o.a.catalina.core.StandardEngine - Starting Servlet engine: [Apache Tomcat/10.1.39]
2025-04-24 01:00:13 INFO  [main] o.a.c.c.C.[Tomcat].[localhost].[/] - Initializing Spring embedded WebApplicationContext
2025-04-24 01:00:13 INFO  [main] o.s.b.w.s.c.ServletWebServerApplicationContext - Root WebApplicationContext: initialization completed in 1200 ms
2025-04-24 01:00:13 DEBUG [main] com.auth.filter.JwtAuthFilter - Filter 'jwtAuthFilter' configured for use
2025-04-24 01:00:13 INFO  [main] o.h.jpa.internal.util.LogHelper - HHH000204: Processing PersistenceUnitInfo [name: default]
2025-04-24 01:00:13 INFO  [main] org.hibernate.Version - HHH000412: Hibernate ORM core version 6.6.11.Final
2025-04-24 01:00:13 INFO  [main] o.h.c.i.RegionFactoryInitiator - HHH000026: Second-level cache disabled
2025-04-24 01:00:13 INFO  [main] o.s.o.j.p.SpringPersistenceUnitInfo - No LoadTimeWeaver setup: ignoring JPA class transformer
2025-04-24 01:00:13 INFO  [main] com.zaxxer.hikari.HikariDataSource - HikariPool-1 - Starting...
2025-04-24 01:00:13 INFO  [main] com.zaxxer.hikari.pool.HikariPool - HikariPool-1 - Added connection com.mysql.cj.jdbc.ConnectionImpl@2f39b534
2025-04-24 01:00:13 INFO  [main] com.zaxxer.hikari.HikariDataSource - HikariPool-1 - Start completed.
2025-04-24 01:00:14 INFO  [main] o.hibernate.orm.connections.pooling - HHH10001005: Database info:
	Database JDBC URL [Connecting through datasource 'HikariDataSource (HikariPool-1)']
	Database driver: undefined/unknown
	Database version: 8.0.41
	Autocommit mode: undefined/unknown
	Isolation level: undefined/unknown
	Minimum pool size: undefined/unknown
	Maximum pool size: undefined/unknown
2025-04-24 01:00:14 INFO  [main] o.h.e.t.j.p.i.JtaPlatformInitiator - HHH000489: No JTA platform available (set 'hibernate.transaction.jta.platform' to enable JTA platform integration)
2025-04-24 01:00:14 INFO  [main] o.s.o.j.LocalContainerEntityManagerFactoryBean - Initialized JPA EntityManagerFactory for persistence unit 'default'
2025-04-24 01:00:14 WARN  [main] o.s.b.a.o.j.JpaBaseConfiguration$JpaWebConfiguration - spring.jpa.open-in-view is enabled by default. Therefore, database queries may be performed during view rendering. Explicitly configure spring.jpa.open-in-view to disable this warning
2025-04-24 01:00:15 INFO  [main] o.s.s.c.a.a.c.InitializeUserDetailsBeanManagerConfigurer$InitializeUserDetailsManagerConfigurer - Global AuthenticationManager configured with UserDetailsService bean with name userDetailServiceImpl
2025-04-24 01:00:15 INFO  [main] o.s.c.n.e.c.DiscoveryClientOptionalArgsConfiguration - Eureka HTTP Client uses RestTemplate.
2025-04-24 01:00:15 WARN  [main] o.s.c.l.c.LoadBalancerCacheAutoConfiguration$LoadBalancerCaffeineWarnLogger - Spring Cloud LoadBalancer is currently working with the default cache. While this cache implementation is useful for development and tests, it's recommended to use Caffeine cache in production.You can switch to using Caffeine cache, by adding it and org.springframework.cache.caffeine.CaffeineCacheManager to the classpath.
2025-04-24 01:00:15 INFO  [main] o.s.c.n.eureka.InstanceInfoFactory - Setting initial instance status as: STARTING
2025-04-24 01:00:15 INFO  [main] c.netflix.discovery.DiscoveryClient - Initializing Eureka in region us-east-1
2025-04-24 01:00:15 INFO  [main] c.n.d.s.r.aws.ConfigClusterResolver - Resolving eureka endpoints via configuration
2025-04-24 01:00:15 INFO  [main] c.netflix.discovery.DiscoveryClient - Disable delta property : false
2025-04-24 01:00:15 INFO  [main] c.netflix.discovery.DiscoveryClient - Single vip registry refresh property : null
2025-04-24 01:00:15 INFO  [main] c.netflix.discovery.DiscoveryClient - Force full registry fetch : false
2025-04-24 01:00:15 INFO  [main] c.netflix.discovery.DiscoveryClient - Application is null : false
2025-04-24 01:00:15 INFO  [main] c.netflix.discovery.DiscoveryClient - Registered Applications size is zero : true
2025-04-24 01:00:15 INFO  [main] c.netflix.discovery.DiscoveryClient - Application version is -1: true
2025-04-24 01:00:15 INFO  [main] c.netflix.discovery.DiscoveryClient - Getting all instance registry info from the eureka server
2025-04-24 01:00:15 INFO  [main] c.netflix.discovery.DiscoveryClient - The response status is 200
2025-04-24 01:00:15 INFO  [main] c.netflix.discovery.DiscoveryClient - Starting heartbeat executor: renew interval is: 30
2025-04-24 01:00:15 INFO  [main] c.n.discovery.InstanceInfoReplicator - InstanceInfoReplicator onDemand update allowed rate per min is 4
2025-04-24 01:00:15 INFO  [main] c.netflix.discovery.DiscoveryClient - Discovery Client initialized at timestamp 1745436615920 with initial instances count: 6
2025-04-24 01:00:15 INFO  [main] o.s.c.n.e.s.EurekaServiceRegistry - Registering application AUTH-SERVICE with eureka with status UP
2025-04-24 01:00:15 INFO  [main] c.netflix.discovery.DiscoveryClient - Saw local status change event StatusChangeEvent [timestamp=1745436615924, current=UP, previous=STARTING]
2025-04-24 01:00:15 INFO  [main] o.a.coyote.http11.Http11NioProtocol - Starting ProtocolHandler ["http-nio-8081"]
2025-04-24 01:00:15 INFO  [DiscoveryClient-InstanceInfoReplicator-%d] c.netflix.discovery.DiscoveryClient - DiscoveryClient_AUTH-SERVICE/Mayank:AUTH-SERVICE:8081: registering service...
2025-04-24 01:00:15 INFO  [main] o.s.c.n.e.s.EurekaServiceRegistry - Unregistering application AUTH-SERVICE with eureka with status DOWN
2025-04-24 01:00:15 INFO  [main] c.netflix.discovery.DiscoveryClient - Saw local status change event StatusChangeEvent [timestamp=1745436615930, current=DOWN, previous=UP]
2025-04-24 01:00:15 WARN  [main] o.s.b.w.s.c.AnnotationConfigServletWebServerApplicationContext - Exception encountered during context initialization - cancelling refresh attempt: org.springframework.context.ApplicationContextException: Failed to start bean 'webServerStartStop'
2025-04-24 01:00:15 INFO  [main] o.s.o.j.LocalContainerEntityManagerFactoryBean - Closing JPA EntityManagerFactory for persistence unit 'default'
2025-04-24 01:00:15 INFO  [main] com.zaxxer.hikari.HikariDataSource - HikariPool-1 - Shutdown initiated...
2025-04-24 01:00:15 INFO  [main] com.zaxxer.hikari.HikariDataSource - HikariPool-1 - Shutdown completed.
2025-04-24 01:00:15 INFO  [main] c.netflix.discovery.DiscoveryClient - Shutting down DiscoveryClient ...
2025-04-24 01:00:15 INFO  [DiscoveryClient-InstanceInfoReplicator-%d] c.netflix.discovery.DiscoveryClient - DiscoveryClient_AUTH-SERVICE/Mayank:AUTH-SERVICE:8081 - registration status: 204
2025-04-24 01:00:15 INFO  [DiscoveryClient-InstanceInfoReplicator-%d] c.netflix.discovery.DiscoveryClient - DiscoveryClient_AUTH-SERVICE/Mayank:AUTH-SERVICE:8081: registering service...
2025-04-24 01:00:15 INFO  [DiscoveryClient-InstanceInfoReplicator-%d] c.netflix.discovery.DiscoveryClient - DiscoveryClient_AUTH-SERVICE/Mayank:AUTH-SERVICE:8081 - registration status: 204
2025-04-24 01:00:15 INFO  [main] c.netflix.discovery.DiscoveryClient - Unregistering ...
2025-04-24 01:00:15 INFO  [main] c.netflix.discovery.DiscoveryClient - DiscoveryClient_AUTH-SERVICE/Mayank:AUTH-SERVICE:8081 - deregister  status: 200
2025-04-24 01:00:15 INFO  [main] c.netflix.discovery.DiscoveryClient - Completed shut down of DiscoveryClient
2025-04-24 01:00:15 INFO  [main] o.s.b.a.l.ConditionEvaluationReportLogger - 

Error starting ApplicationContext. To display the condition evaluation report re-run your application with 'debug' enabled.
2025-04-24 01:00:15 ERROR [main] o.s.b.d.LoggingFailureAnalysisReporter - 

***************************
APPLICATION FAILED TO START
***************************

Description:

Web server failed to start. Port 8081 was already in use.

Action:

Identify and stop the process that's listening on port 8081 or configure this application to listen on another port.

2025-04-24 01:00:25 INFO  [http-nio-8081-exec-9] com.auth.controller.AuthController - Login request received for username: mayur1
2025-04-24 01:00:25 INFO  [http-nio-8081-exec-9] com.auth.util.JwtUtil - Login attempt for username: mayur1
2025-04-24 01:00:25 INFO  [http-nio-8081-exec-9] com.auth.util.JwtUtil - Login successful for user: mayur1 (ID: 1)
2025-04-24 01:00:25 DEBUG [http-nio-8081-exec-9] com.auth.util.JwtUtil - JWT token generated for user: mayur1
2025-04-24 01:00:43 INFO  [DiscoveryClient-HeartbeatExecutor-%d] c.netflix.discovery.DiscoveryClient - DiscoveryClient_AUTH-SERVICE/Mayank:AUTH-SERVICE:8081 - Re-registering apps/AUTH-SERVICE
2025-04-24 01:00:43 INFO  [DiscoveryClient-HeartbeatExecutor-%d] c.netflix.discovery.DiscoveryClient - DiscoveryClient_AUTH-SERVICE/Mayank:AUTH-SERVICE:8081: registering service...
2025-04-24 01:00:43 INFO  [DiscoveryClient-HeartbeatExecutor-%d] c.netflix.discovery.DiscoveryClient - DiscoveryClient_AUTH-SERVICE/Mayank:AUTH-SERVICE:8081 - registration status: 204
2025-04-24 01:02:06 INFO  [AsyncResolver-bootstrap-executor-%d] c.n.d.s.r.aws.ConfigClusterResolver - Resolving eureka endpoints via configuration
2025-04-24 01:07:06 INFO  [AsyncResolver-bootstrap-executor-%d] c.n.d.s.r.aws.ConfigClusterResolver - Resolving eureka endpoints via configuration
2025-04-24 01:07:06 INFO  [http-nio-8081-exec-2] com.auth.controller.AuthController - Login request received for username: mayur1
2025-04-24 01:07:06 INFO  [http-nio-8081-exec-2] com.auth.util.JwtUtil - Login attempt for username: mayur1
2025-04-24 01:07:06 INFO  [http-nio-8081-exec-2] com.auth.util.JwtUtil - Login successful for user: mayur1 (ID: 1)
2025-04-24 01:07:06 DEBUG [http-nio-8081-exec-2] com.auth.util.JwtUtil - JWT token generated for user: mayur1
2025-04-24 01:09:35 INFO  [http-nio-8081-exec-3] com.auth.controller.AuthController - Login request received for username: mayur1
2025-04-24 01:09:35 INFO  [http-nio-8081-exec-3] com.auth.util.JwtUtil - Login attempt for username: mayur1
2025-04-24 01:09:35 INFO  [http-nio-8081-exec-3] com.auth.util.JwtUtil - Login successful for user: mayur1 (ID: 1)
2025-04-24 01:09:35 DEBUG [http-nio-8081-exec-3] com.auth.util.JwtUtil - JWT token generated for user: mayur1
