2025-04-26 01:11:22 [34m INFO[0;39m --- [USER-SERVICE] [           main] com.user.UserServiceApplication           - Starting UserServiceApplication using Java 21.0.6 with PID 8520 (C:\Users\Hp\Desktop\Case Study\RMS\UserService\target\classes started by Hp in C:\Users\Hp\Desktop\Case Study\RMS\UserService)
2025-04-26 01:11:22 [34m INFO[0;39m --- [USER-SERVICE] [           main] com.user.UserServiceApplication           - No active profile set, falling back to 1 default profile: "default"
2025-04-26 01:11:23 [34m INFO[0;39m --- [USER-SERVICE] [           main] o.s.d.r.c.RepositoryConfigurationDelegate - Bootstrapping Spring Data JPA repositories in DEFAULT mode.
2025-04-26 01:11:23 [34m INFO[0;39m --- [USER-SERVICE] [           main] o.s.d.r.c.RepositoryConfigurationDelegate - Finished Spring Data repository scanning in 115 ms. Found 1 JPA repository interface.
2025-04-26 01:11:23 [34m INFO[0;39m --- [USER-SERVICE] [           main] o.s.cloud.context.scope.GenericScope      - BeanFactory id=e0f64035-ae74-351a-bb5c-d1c609214295
2025-04-26 01:11:23 [34m INFO[0;39m --- [USER-SERVICE] [           main] o.s.b.w.e.tomcat.TomcatWebServer          - Tomcat initialized with port 8082 (http)
2025-04-26 01:11:24 [34m INFO[0;39m --- [USER-SERVICE] [           main] o.a.coyote.http11.Http11NioProtocol       - Initializing ProtocolHandler ["http-nio-8082"]
2025-04-26 01:11:24 [34m INFO[0;39m --- [USER-SERVICE] [           main] o.a.catalina.core.StandardService         - Starting service [Tomcat]
2025-04-26 01:11:24 [34m INFO[0;39m --- [USER-SERVICE] [           main] o.a.catalina.core.StandardEngine          - Starting Servlet engine: [Apache Tomcat/10.1.39]
2025-04-26 01:11:24 [34m INFO[0;39m --- [USER-SERVICE] [           main] o.a.c.c.C.[Tomcat].[localhost].[/]        - Initializing Spring embedded WebApplicationContext
2025-04-26 01:11:24 [34m INFO[0;39m --- [USER-SERVICE] [           main] .w.s.c.ServletWebServerApplicationContext - Root WebApplicationContext: initialization completed in 1400 ms
2025-04-26 01:11:24 [34m INFO[0;39m --- [USER-SERVICE] [           main] o.h.jpa.internal.util.LogHelper           - HHH000204: Processing PersistenceUnitInfo [name: default]
2025-04-26 01:11:24 [34m INFO[0;39m --- [USER-SERVICE] [           main] org.hibernate.Version                     - HHH000412: Hibernate ORM core version 6.6.11.Final
2025-04-26 01:11:24 [34m INFO[0;39m --- [USER-SERVICE] [           main] o.h.c.i.RegionFactoryInitiator            - HHH000026: Second-level cache disabled
2025-04-26 01:11:24 [34m INFO[0;39m --- [USER-SERVICE] [           main] o.s.o.j.p.SpringPersistenceUnitInfo       - No LoadTimeWeaver setup: ignoring JPA class transformer
2025-04-26 01:11:24 [34m INFO[0;39m --- [USER-SERVICE] [           main] com.zaxxer.hikari.HikariDataSource        - HikariPool-1 - Starting...
2025-04-26 01:11:24 [34m INFO[0;39m --- [USER-SERVICE] [           main] com.zaxxer.hikari.pool.HikariPool         - HikariPool-1 - Added connection com.mysql.cj.jdbc.ConnectionImpl@64a7ad02
2025-04-26 01:11:24 [34m INFO[0;39m --- [USER-SERVICE] [           main] com.zaxxer.hikari.HikariDataSource        - HikariPool-1 - Start completed.
2025-04-26 01:11:24 [34m INFO[0;39m --- [USER-SERVICE] [           main] o.hibernate.orm.connections.pooling       - HHH10001005: Database info:
	Database JDBC URL [Connecting through datasource 'HikariDataSource (HikariPool-1)']
	Database driver: undefined/unknown
	Database version: 8.0.41
	Autocommit mode: undefined/unknown
	Isolation level: undefined/unknown
	Minimum pool size: undefined/unknown
	Maximum pool size: undefined/unknown
2025-04-26 01:11:25 [34m INFO[0;39m --- [USER-SERVICE] [           main] o.h.e.t.j.p.i.JtaPlatformInitiator        - HHH000489: No JTA platform available (set 'hibernate.transaction.jta.platform' to enable JTA platform integration)
2025-04-26 01:11:25 [34m INFO[0;39m --- [USER-SERVICE] [           main] .j.LocalContainerEntityManagerFactoryBean - Initialized JPA EntityManagerFactory for persistence unit 'default'
2025-04-26 01:11:25 [31m WARN[0;39m --- [USER-SERVICE] [           main] .JpaBaseConfiguration$JpaWebConfiguration - spring.jpa.open-in-view is enabled by default. Therefore, database queries may be performed during view rendering. Explicitly configure spring.jpa.open-in-view to disable this warning
2025-04-26 01:11:26 [34m INFO[0;39m --- [USER-SERVICE] [           main] .DiscoveryClientOptionalArgsConfiguration - Eureka HTTP Client uses RestTemplate.
2025-04-26 01:11:26 [31m WARN[0;39m --- [USER-SERVICE] [           main] figuration$LoadBalancerCaffeineWarnLogger - Spring Cloud LoadBalancer is currently working with the default cache. While this cache implementation is useful for development and tests, it's recommended to use Caffeine cache in production.You can switch to using Caffeine cache, by adding it and org.springframework.cache.caffeine.CaffeineCacheManager to the classpath.
2025-04-26 01:11:26 [34m INFO[0;39m --- [USER-SERVICE] [           main] o.s.c.n.eureka.InstanceInfoFactory        - Setting initial instance status as: STARTING
2025-04-26 01:11:26 [34m INFO[0;39m --- [USER-SERVICE] [           main] c.netflix.discovery.DiscoveryClient       - Initializing Eureka in region us-east-1
2025-04-26 01:11:26 [34m INFO[0;39m --- [USER-SERVICE] [           main] c.n.d.s.r.aws.ConfigClusterResolver       - Resolving eureka endpoints via configuration
2025-04-26 01:11:26 [34m INFO[0;39m --- [USER-SERVICE] [           main] c.netflix.discovery.DiscoveryClient       - Disable delta property : false
2025-04-26 01:11:26 [34m INFO[0;39m --- [USER-SERVICE] [           main] c.netflix.discovery.DiscoveryClient       - Single vip registry refresh property : null
2025-04-26 01:11:26 [34m INFO[0;39m --- [USER-SERVICE] [           main] c.netflix.discovery.DiscoveryClient       - Force full registry fetch : false
2025-04-26 01:11:26 [34m INFO[0;39m --- [USER-SERVICE] [           main] c.netflix.discovery.DiscoveryClient       - Application is null : false
2025-04-26 01:11:26 [34m INFO[0;39m --- [USER-SERVICE] [           main] c.netflix.discovery.DiscoveryClient       - Registered Applications size is zero : true
2025-04-26 01:11:26 [34m INFO[0;39m --- [USER-SERVICE] [           main] c.netflix.discovery.DiscoveryClient       - Application version is -1: true
2025-04-26 01:11:26 [34m INFO[0;39m --- [USER-SERVICE] [           main] c.netflix.discovery.DiscoveryClient       - Getting all instance registry info from the eureka server
2025-04-26 01:11:27 [34m INFO[0;39m --- [USER-SERVICE] [           main] c.netflix.discovery.DiscoveryClient       - The response status is 200
2025-04-26 01:11:27 [34m INFO[0;39m --- [USER-SERVICE] [           main] c.netflix.discovery.DiscoveryClient       - Starting heartbeat executor: renew interval is: 30
2025-04-26 01:11:27 [34m INFO[0;39m --- [USER-SERVICE] [           main] c.n.discovery.InstanceInfoReplicator      - InstanceInfoReplicator onDemand update allowed rate per min is 4
2025-04-26 01:11:27 [34m INFO[0;39m --- [USER-SERVICE] [           main] c.netflix.discovery.DiscoveryClient       - Discovery Client initialized at timestamp 1745610087186 with initial instances count: 3
2025-04-26 01:11:27 [34m INFO[0;39m --- [USER-SERVICE] [           main] o.s.c.n.e.s.EurekaServiceRegistry         - Registering application USER-SERVICE with eureka with status UP
2025-04-26 01:11:27 [34m INFO[0;39m --- [USER-SERVICE] [           main] c.netflix.discovery.DiscoveryClient       - Saw local status change event StatusChangeEvent [timestamp=1745610087197, current=UP, previous=STARTING]
2025-04-26 01:11:27 [34m INFO[0;39m --- [USER-SERVICE] [           main] o.a.coyote.http11.Http11NioProtocol       - Starting ProtocolHandler ["http-nio-8082"]
2025-04-26 01:11:27 [34m INFO[0;39m --- [USER-SERVICE] [foReplicator-%d] c.netflix.discovery.DiscoveryClient       - DiscoveryClient_USER-SERVICE/Mayank:USER-SERVICE:8082: registering service...
2025-04-26 01:11:27 [34m INFO[0;39m --- [USER-SERVICE] [           main] o.s.b.w.e.tomcat.TomcatWebServer          - Tomcat started on port 8082 (http) with context path '/'
2025-04-26 01:11:27 [34m INFO[0;39m --- [USER-SERVICE] [           main] o.s.c.n.e.s.EurekaAutoServiceRegistration - Updating port to 8082
2025-04-26 01:11:27 [34m INFO[0;39m --- [USER-SERVICE] [           main] com.user.UserServiceApplication           - Started UserServiceApplication in 4.86 seconds (process running for 5.584)
2025-04-26 01:11:27 [34m INFO[0;39m --- [USER-SERVICE] [foReplicator-%d] c.netflix.discovery.DiscoveryClient       - DiscoveryClient_USER-SERVICE/Mayank:USER-SERVICE:8082 - registration status: 204
2025-04-26 01:11:56 [34m INFO[0;39m --- [USER-SERVICE] [nio-8082-exec-1] o.a.c.c.C.[Tomcat].[localhost].[/]        - Initializing Spring DispatcherServlet 'dispatcherServlet'
2025-04-26 01:11:56 [34m INFO[0;39m --- [USER-SERVICE] [nio-8082-exec-1] o.s.web.servlet.DispatcherServlet         - Initializing Servlet 'dispatcherServlet'
2025-04-26 01:11:56 [34m INFO[0;39m --- [USER-SERVICE] [nio-8082-exec-1] o.s.web.servlet.DispatcherServlet         - Completed initialization in 0 ms
2025-04-26 01:11:57 [34m INFO[0;39m --- [USER-SERVICE] [nio-8082-exec-1] c.user.aspect.ControllerLoggerAspect      - [Controller]  ➡️ UserController.getCurrentUser() with arguments: []
2025-04-26 01:11:57 [34m INFO[0;39m --- [USER-SERVICE] [nio-8082-exec-1] com.user.aspect.ServiceLoggerAspect       - [Service]     ➡️ UserServiceImpl.getCurrentUser() with arguments: []
2025-04-26 01:11:57 [34m INFO[0;39m --- [USER-SERVICE] [nio-8082-exec-1] com.user.aspect.ServiceLoggerAspect       - [Service]     ✅ UserServiceImpl.getCurrentUser() with result: User [id=6, username=mayur4, fullName=null, email=null, phoneNumber=null, roles=[USER], createdAt=2025-04-23T22:46:44.293703, updatedAt=2025-04-23T22:46:44.293703]
2025-04-26 01:11:57 [34m INFO[0;39m --- [USER-SERVICE] [nio-8082-exec-1] com.user.aspect.ServiceLoggerAspect       - [Service]     ⏱️ UserServiceImpl.getCurrentUser() executed in 110 ms
2025-04-26 01:11:57 [34m INFO[0;39m --- [USER-SERVICE] [nio-8082-exec-1] c.user.aspect.ControllerLoggerAspect      - [Controller]  ✅ UserController.getCurrentUser() with result: <200 OK OK,User [id=6, username=mayur4, fullName=null, email=null, phoneNumber=null, roles=[USER], createdAt=2025-04-23T22:46:44.293703, updatedAt=2025-04-23T22:46:44.293703],[]>
2025-04-26 01:11:57 [34m INFO[0;39m --- [USER-SERVICE] [nio-8082-exec-1] c.user.aspect.ControllerLoggerAspect      - [Controller]  ⏱️ UserController.getCurrentUser() executed in 113 ms
2025-04-26 01:12:20 [34m INFO[0;39m --- [USER-SERVICE] [nio-8082-exec-3] c.user.aspect.ControllerLoggerAspect      - [Controller]  ➡️ UserController.getUserBookings() with arguments: []
2025-04-26 01:12:20 [34m INFO[0;39m --- [USER-SERVICE] [nio-8082-exec-3] com.user.aspect.ServiceLoggerAspect       - [Service]     ➡️ UserServiceImpl.getBookingsByUserId() with arguments: []
2025-04-26 01:12:20 [34m INFO[0;39m --- [USER-SERVICE] [nio-8082-exec-3] com.user.aspect.ServiceLoggerAspect       - [Service]     ✅ UserServiceImpl.getBookingsByUserId() with result: []
2025-04-26 01:12:20 [34m INFO[0;39m --- [USER-SERVICE] [nio-8082-exec-3] com.user.aspect.ServiceLoggerAspect       - [Service]     ⏱️ UserServiceImpl.getBookingsByUserId() executed in 407 ms
2025-04-26 01:12:20 [34m INFO[0;39m --- [USER-SERVICE] [nio-8082-exec-3] c.user.aspect.ControllerLoggerAspect      - [Controller]  ✅ UserController.getUserBookings() with result: <200 OK OK,[],[]>
2025-04-26 01:12:20 [34m INFO[0;39m --- [USER-SERVICE] [nio-8082-exec-3] c.user.aspect.ControllerLoggerAspect      - [Controller]  ⏱️ UserController.getUserBookings() executed in 408 ms
2025-04-26 01:12:37 [34m INFO[0;39m --- [USER-SERVICE] [nio-8082-exec-4] c.user.aspect.ControllerLoggerAspect      - [Controller]  ➡️ UserController.getUserBookings() with arguments: []
2025-04-26 01:12:37 [34m INFO[0;39m --- [USER-SERVICE] [nio-8082-exec-4] com.user.aspect.ServiceLoggerAspect       - [Service]     ➡️ UserServiceImpl.getBookingsByUserId() with arguments: []
2025-04-26 01:12:37 [34m INFO[0;39m --- [USER-SERVICE] [nio-8082-exec-4] com.user.aspect.ServiceLoggerAspect       - [Service]     ✅ UserServiceImpl.getBookingsByUserId() with result: []
2025-04-26 01:12:37 [34m INFO[0;39m --- [USER-SERVICE] [nio-8082-exec-4] com.user.aspect.ServiceLoggerAspect       - [Service]     ⏱️ UserServiceImpl.getBookingsByUserId() executed in 14 ms
2025-04-26 01:12:37 [34m INFO[0;39m --- [USER-SERVICE] [nio-8082-exec-4] c.user.aspect.ControllerLoggerAspect      - [Controller]  ✅ UserController.getUserBookings() with result: <200 OK OK,[],[]>
2025-04-26 01:12:37 [34m INFO[0;39m --- [USER-SERVICE] [nio-8082-exec-4] c.user.aspect.ControllerLoggerAspect      - [Controller]  ⏱️ UserController.getUserBookings() executed in 16 ms
2025-04-26 01:12:53 [34m INFO[0;39m --- [USER-SERVICE] [on(5)-127.0.0.1] minMXBeanRegistrar$SpringApplicationAdmin - Application shutdown requested.
2025-04-26 01:12:53 [34m INFO[0;39m --- [USER-SERVICE] [on(5)-127.0.0.1] o.s.c.n.e.s.EurekaServiceRegistry         - Unregistering application USER-SERVICE with eureka with status DOWN
2025-04-26 01:12:53 [34m INFO[0;39m --- [USER-SERVICE] [on(5)-127.0.0.1] c.netflix.discovery.DiscoveryClient       - Saw local status change event StatusChangeEvent [timestamp=1745610173880, current=DOWN, previous=UP]
2025-04-26 01:12:53 [34m INFO[0;39m --- [USER-SERVICE] [foReplicator-%d] c.netflix.discovery.DiscoveryClient       - DiscoveryClient_USER-SERVICE/Mayank:USER-SERVICE:8082: registering service...
2025-04-26 01:12:53 [34m INFO[0;39m --- [USER-SERVICE] [on(5)-127.0.0.1] o.s.b.w.e.tomcat.GracefulShutdown         - Commencing graceful shutdown. Waiting for active requests to complete
2025-04-26 01:12:53 [34m INFO[0;39m --- [USER-SERVICE] [tomcat-shutdown] o.a.coyote.http11.Http11NioProtocol       - Pausing ProtocolHandler ["http-nio-8082"]
2025-04-26 01:12:53 [34m INFO[0;39m --- [USER-SERVICE] [foReplicator-%d] c.netflix.discovery.DiscoveryClient       - DiscoveryClient_USER-SERVICE/Mayank:USER-SERVICE:8082 - registration status: 204
2025-04-26 01:12:53 [34m INFO[0;39m --- [USER-SERVICE] [tomcat-shutdown] o.s.b.w.e.tomcat.GracefulShutdown         - Graceful shutdown complete
2025-04-26 01:12:53 [34m INFO[0;39m --- [USER-SERVICE] [on(5)-127.0.0.1] o.a.coyote.http11.Http11NioProtocol       - Stopping ProtocolHandler ["http-nio-8082"]
2025-04-26 01:12:53 [34m INFO[0;39m --- [USER-SERVICE] [on(5)-127.0.0.1] .j.LocalContainerEntityManagerFactoryBean - Closing JPA EntityManagerFactory for persistence unit 'default'
2025-04-26 01:12:53 [34m INFO[0;39m --- [USER-SERVICE] [on(5)-127.0.0.1] com.zaxxer.hikari.HikariDataSource        - HikariPool-1 - Shutdown initiated...
2025-04-26 01:12:53 [34m INFO[0;39m --- [USER-SERVICE] [on(5)-127.0.0.1] com.zaxxer.hikari.HikariDataSource        - HikariPool-1 - Shutdown completed.
2025-04-26 01:12:53 [34m INFO[0;39m --- [USER-SERVICE] [on(5)-127.0.0.1] c.netflix.discovery.DiscoveryClient       - Shutting down DiscoveryClient ...
2025-04-26 01:12:56 [34m INFO[0;39m --- [USER-SERVICE] [on(5)-127.0.0.1] c.netflix.discovery.DiscoveryClient       - Unregistering ...
2025-04-26 01:12:56 [34m INFO[0;39m --- [USER-SERVICE] [on(5)-127.0.0.1] c.netflix.discovery.DiscoveryClient       - DiscoveryClient_USER-SERVICE/Mayank:USER-SERVICE:8082 - deregister  status: 200
2025-04-26 01:12:56 [34m INFO[0;39m --- [USER-SERVICE] [on(5)-127.0.0.1] c.netflix.discovery.DiscoveryClient       - Completed shut down of DiscoveryClient
2025-04-26 01:12:59 [34m INFO[0;39m --- [USER-SERVICE] [           main] com.user.UserServiceApplication           - Starting UserServiceApplication using Java 21.0.6 with PID 14956 (C:\Users\Hp\Desktop\Case Study\RMS\UserService\target\classes started by Hp in C:\Users\Hp\Desktop\Case Study\RMS\UserService)
2025-04-26 01:12:59 [34m INFO[0;39m --- [USER-SERVICE] [           main] com.user.UserServiceApplication           - No active profile set, falling back to 1 default profile: "default"
2025-04-26 01:13:00 [34m INFO[0;39m --- [USER-SERVICE] [           main] o.s.d.r.c.RepositoryConfigurationDelegate - Bootstrapping Spring Data JPA repositories in DEFAULT mode.
2025-04-26 01:13:00 [34m INFO[0;39m --- [USER-SERVICE] [           main] o.s.d.r.c.RepositoryConfigurationDelegate - Finished Spring Data repository scanning in 110 ms. Found 1 JPA repository interface.
2025-04-26 01:13:00 [34m INFO[0;39m --- [USER-SERVICE] [           main] o.s.cloud.context.scope.GenericScope      - BeanFactory id=e0f64035-ae74-351a-bb5c-d1c609214295
2025-04-26 01:13:00 [34m INFO[0;39m --- [USER-SERVICE] [           main] o.s.b.w.e.tomcat.TomcatWebServer          - Tomcat initialized with port 8082 (http)
2025-04-26 01:13:00 [34m INFO[0;39m --- [USER-SERVICE] [           main] o.a.coyote.http11.Http11NioProtocol       - Initializing ProtocolHandler ["http-nio-8082"]
2025-04-26 01:13:00 [34m INFO[0;39m --- [USER-SERVICE] [           main] o.a.catalina.core.StandardService         - Starting service [Tomcat]
2025-04-26 01:13:00 [34m INFO[0;39m --- [USER-SERVICE] [           main] o.a.catalina.core.StandardEngine          - Starting Servlet engine: [Apache Tomcat/10.1.39]
2025-04-26 01:13:01 [34m INFO[0;39m --- [USER-SERVICE] [           main] o.a.c.c.C.[Tomcat].[localhost].[/]        - Initializing Spring embedded WebApplicationContext
2025-04-26 01:13:01 [34m INFO[0;39m --- [USER-SERVICE] [           main] .w.s.c.ServletWebServerApplicationContext - Root WebApplicationContext: initialization completed in 1319 ms
2025-04-26 01:13:01 [34m INFO[0;39m --- [USER-SERVICE] [           main] o.h.jpa.internal.util.LogHelper           - HHH000204: Processing PersistenceUnitInfo [name: default]
2025-04-26 01:13:01 [34m INFO[0;39m --- [USER-SERVICE] [           main] org.hibernate.Version                     - HHH000412: Hibernate ORM core version 6.6.11.Final
2025-04-26 01:13:01 [34m INFO[0;39m --- [USER-SERVICE] [           main] o.h.c.i.RegionFactoryInitiator            - HHH000026: Second-level cache disabled
2025-04-26 01:13:01 [34m INFO[0;39m --- [USER-SERVICE] [           main] o.s.o.j.p.SpringPersistenceUnitInfo       - No LoadTimeWeaver setup: ignoring JPA class transformer
2025-04-26 01:13:01 [34m INFO[0;39m --- [USER-SERVICE] [           main] com.zaxxer.hikari.HikariDataSource        - HikariPool-1 - Starting...
2025-04-26 01:13:01 [34m INFO[0;39m --- [USER-SERVICE] [           main] com.zaxxer.hikari.pool.HikariPool         - HikariPool-1 - Added connection com.mysql.cj.jdbc.ConnectionImpl@46590dd0
2025-04-26 01:13:01 [34m INFO[0;39m --- [USER-SERVICE] [           main] com.zaxxer.hikari.HikariDataSource        - HikariPool-1 - Start completed.
2025-04-26 01:13:01 [34m INFO[0;39m --- [USER-SERVICE] [           main] o.hibernate.orm.connections.pooling       - HHH10001005: Database info:
	Database JDBC URL [Connecting through datasource 'HikariDataSource (HikariPool-1)']
	Database driver: undefined/unknown
	Database version: 8.0.41
	Autocommit mode: undefined/unknown
	Isolation level: undefined/unknown
	Minimum pool size: undefined/unknown
	Maximum pool size: undefined/unknown
2025-04-26 01:13:02 [34m INFO[0;39m --- [USER-SERVICE] [           main] o.h.e.t.j.p.i.JtaPlatformInitiator        - HHH000489: No JTA platform available (set 'hibernate.transaction.jta.platform' to enable JTA platform integration)
2025-04-26 01:13:02 [34m INFO[0;39m --- [USER-SERVICE] [           main] .j.LocalContainerEntityManagerFactoryBean - Initialized JPA EntityManagerFactory for persistence unit 'default'
2025-04-26 01:13:02 [31m WARN[0;39m --- [USER-SERVICE] [           main] .JpaBaseConfiguration$JpaWebConfiguration - spring.jpa.open-in-view is enabled by default. Therefore, database queries may be performed during view rendering. Explicitly configure spring.jpa.open-in-view to disable this warning
2025-04-26 01:13:03 [34m INFO[0;39m --- [USER-SERVICE] [           main] .DiscoveryClientOptionalArgsConfiguration - Eureka HTTP Client uses RestTemplate.
2025-04-26 01:13:03 [31m WARN[0;39m --- [USER-SERVICE] [           main] figuration$LoadBalancerCaffeineWarnLogger - Spring Cloud LoadBalancer is currently working with the default cache. While this cache implementation is useful for development and tests, it's recommended to use Caffeine cache in production.You can switch to using Caffeine cache, by adding it and org.springframework.cache.caffeine.CaffeineCacheManager to the classpath.
2025-04-26 01:13:03 [34m INFO[0;39m --- [USER-SERVICE] [           main] o.s.c.n.eureka.InstanceInfoFactory        - Setting initial instance status as: STARTING
2025-04-26 01:13:03 [34m INFO[0;39m --- [USER-SERVICE] [           main] c.netflix.discovery.DiscoveryClient       - Initializing Eureka in region us-east-1
2025-04-26 01:13:03 [34m INFO[0;39m --- [USER-SERVICE] [           main] c.n.d.s.r.aws.ConfigClusterResolver       - Resolving eureka endpoints via configuration
2025-04-26 01:13:03 [34m INFO[0;39m --- [USER-SERVICE] [           main] c.netflix.discovery.DiscoveryClient       - Disable delta property : false
2025-04-26 01:13:03 [34m INFO[0;39m --- [USER-SERVICE] [           main] c.netflix.discovery.DiscoveryClient       - Single vip registry refresh property : null
2025-04-26 01:13:03 [34m INFO[0;39m --- [USER-SERVICE] [           main] c.netflix.discovery.DiscoveryClient       - Force full registry fetch : false
2025-04-26 01:13:03 [34m INFO[0;39m --- [USER-SERVICE] [           main] c.netflix.discovery.DiscoveryClient       - Application is null : false
2025-04-26 01:13:03 [34m INFO[0;39m --- [USER-SERVICE] [           main] c.netflix.discovery.DiscoveryClient       - Registered Applications size is zero : true
2025-04-26 01:13:03 [34m INFO[0;39m --- [USER-SERVICE] [           main] c.netflix.discovery.DiscoveryClient       - Application version is -1: true
2025-04-26 01:13:03 [34m INFO[0;39m --- [USER-SERVICE] [           main] c.netflix.discovery.DiscoveryClient       - Getting all instance registry info from the eureka server
2025-04-26 01:13:04 [34m INFO[0;39m --- [USER-SERVICE] [           main] c.netflix.discovery.DiscoveryClient       - The response status is 200
2025-04-26 01:13:04 [34m INFO[0;39m --- [USER-SERVICE] [           main] c.netflix.discovery.DiscoveryClient       - Starting heartbeat executor: renew interval is: 30
2025-04-26 01:13:04 [34m INFO[0;39m --- [USER-SERVICE] [           main] c.n.discovery.InstanceInfoReplicator      - InstanceInfoReplicator onDemand update allowed rate per min is 4
2025-04-26 01:13:04 [34m INFO[0;39m --- [USER-SERVICE] [           main] c.netflix.discovery.DiscoveryClient       - Discovery Client initialized at timestamp 1745610184052 with initial instances count: 3
2025-04-26 01:13:04 [34m INFO[0;39m --- [USER-SERVICE] [           main] o.s.c.n.e.s.EurekaServiceRegistry         - Registering application USER-SERVICE with eureka with status UP
2025-04-26 01:13:04 [34m INFO[0;39m --- [USER-SERVICE] [           main] c.netflix.discovery.DiscoveryClient       - Saw local status change event StatusChangeEvent [timestamp=1745610184061, current=UP, previous=STARTING]
2025-04-26 01:13:04 [34m INFO[0;39m --- [USER-SERVICE] [           main] o.a.coyote.http11.Http11NioProtocol       - Starting ProtocolHandler ["http-nio-8082"]
2025-04-26 01:13:04 [34m INFO[0;39m --- [USER-SERVICE] [foReplicator-%d] c.netflix.discovery.DiscoveryClient       - DiscoveryClient_USER-SERVICE/Mayank:USER-SERVICE:8082: registering service...
2025-04-26 01:13:04 [34m INFO[0;39m --- [USER-SERVICE] [           main] o.s.b.w.e.tomcat.TomcatWebServer          - Tomcat started on port 8082 (http) with context path '/'
2025-04-26 01:13:04 [34m INFO[0;39m --- [USER-SERVICE] [           main] o.s.c.n.e.s.EurekaAutoServiceRegistration - Updating port to 8082
2025-04-26 01:13:04 [34m INFO[0;39m --- [USER-SERVICE] [foReplicator-%d] c.netflix.discovery.DiscoveryClient       - DiscoveryClient_USER-SERVICE/Mayank:USER-SERVICE:8082 - registration status: 204
2025-04-26 01:13:04 [34m INFO[0;39m --- [USER-SERVICE] [           main] com.user.UserServiceApplication           - Started UserServiceApplication in 4.712 seconds (process running for 5.433)
2025-04-26 01:13:07 [34m INFO[0;39m --- [USER-SERVICE] [nio-8082-exec-1] o.a.c.c.C.[Tomcat].[localhost].[/]        - Initializing Spring DispatcherServlet 'dispatcherServlet'
2025-04-26 01:13:07 [34m INFO[0;39m --- [USER-SERVICE] [nio-8082-exec-1] o.s.web.servlet.DispatcherServlet         - Initializing Servlet 'dispatcherServlet'
2025-04-26 01:13:07 [34m INFO[0;39m --- [USER-SERVICE] [nio-8082-exec-1] o.s.web.servlet.DispatcherServlet         - Completed initialization in 1 ms
2025-04-26 01:13:07 [34m INFO[0;39m --- [USER-SERVICE] [nio-8082-exec-1] c.user.aspect.ControllerLoggerAspect      - [Controller]  ➡️ UserController.getUserBookings() with arguments: []
2025-04-26 01:13:07 [34m INFO[0;39m --- [USER-SERVICE] [nio-8082-exec-1] com.user.aspect.ServiceLoggerAspect       - [Service]     ➡️ UserServiceImpl.getBookingsByUserId() with arguments: []
2025-04-26 01:13:07 [34m INFO[0;39m --- [USER-SERVICE] [nio-8082-exec-1] c.u.aspect.FeignClientLoggerAspect        - [FeignClient] ➡️ BookingClient.getBookingsByUserId(..) with arguments: [Bearer eyJhbGciOiJIUzM4NCJ9.eyJzdWIiOiJtYXl1cjQiLCJhdXRoVXNlcklkIjo2LCJyb2xlcyI6WyJVU0VSIiwiSU5URVJOQUxfQVVUSCJdLCJpYXQiOjE3NDU2MTAxODcsImV4cCI6MTc0NTYxMzc4N30.o45hQbQVk9t_L63rz07wHv5VsmCNz3zl79SjgtTqzMpSQIYZgZBVvOxt1JibvmJU]
2025-04-26 01:13:07 [34m INFO[0;39m --- [USER-SERVICE] [nio-8082-exec-1] c.u.aspect.FeignClientLoggerAspect        - [FeignClient] ✅ BookingClient.getBookingsByUserId(..) with result: []
2025-04-26 01:13:07 [34m INFO[0;39m --- [USER-SERVICE] [nio-8082-exec-1] c.u.aspect.FeignClientLoggerAspect        - [FeignClient] ⏱️ getBookingsByUserId executed in 23 ms
2025-04-26 01:13:07 [34m INFO[0;39m --- [USER-SERVICE] [nio-8082-exec-1] com.user.aspect.ServiceLoggerAspect       - [Service]     ✅ UserServiceImpl.getBookingsByUserId() with result: []
2025-04-26 01:13:07 [34m INFO[0;39m --- [USER-SERVICE] [nio-8082-exec-1] com.user.aspect.ServiceLoggerAspect       - [Service]     ⏱️ UserServiceImpl.getBookingsByUserId() executed in 150 ms
2025-04-26 01:13:07 [34m INFO[0;39m --- [USER-SERVICE] [nio-8082-exec-1] c.user.aspect.ControllerLoggerAspect      - [Controller]  ✅ UserController.getUserBookings() with result: <200 OK OK,[],[]>
2025-04-26 01:13:07 [34m INFO[0;39m --- [USER-SERVICE] [nio-8082-exec-1] c.user.aspect.ControllerLoggerAspect      - [Controller]  ⏱️ UserController.getUserBookings() executed in 152 ms
2025-04-26 01:13:48 [34m INFO[0;39m --- [USER-SERVICE] [nio-8082-exec-3] c.user.aspect.ControllerLoggerAspect      - [Controller]  ➡️ UserController.updateUser(..) with arguments: [User [id=null, username=null, fullName=Mayank, email=ms@132, phoneNumber=1234657899, roles=null, createdAt=null, updatedAt=null]]
2025-04-26 01:13:48 [34m INFO[0;39m --- [USER-SERVICE] [nio-8082-exec-3] com.user.aspect.ServiceLoggerAspect       - [Service]     ➡️ UserServiceImpl.updateUser(..) with arguments: [User [id=null, username=null, fullName=Mayank, email=ms@132, phoneNumber=1234657899, roles=null, createdAt=null, updatedAt=null]]
2025-04-26 01:13:48 [34m INFO[0;39m --- [USER-SERVICE] [nio-8082-exec-3] com.user.aspect.ServiceLoggerAspect       - [Service]     ✅ UserServiceImpl.updateUser(..) with result: User [id=6, username=mayur4, fullName=Mayank, email=ms@132, phoneNumber=1234657899, roles=[USER], createdAt=2025-04-23T22:46:44.293703, updatedAt=2025-04-26T01:13:48.587242]
2025-04-26 01:13:48 [34m INFO[0;39m --- [USER-SERVICE] [nio-8082-exec-3] com.user.aspect.ServiceLoggerAspect       - [Service]     ⏱️ UserServiceImpl.updateUser(..) executed in 50 ms
2025-04-26 01:13:48 [34m INFO[0;39m --- [USER-SERVICE] [nio-8082-exec-3] c.user.aspect.ControllerLoggerAspect      - [Controller]  ✅ UserController.updateUser(..) with result: <200 OK OK,User [id=6, username=mayur4, fullName=Mayank, email=ms@132, phoneNumber=1234657899, roles=[USER], createdAt=2025-04-23T22:46:44.293703, updatedAt=2025-04-26T01:13:48.587242],[]>
2025-04-26 01:13:48 [34m INFO[0;39m --- [USER-SERVICE] [nio-8082-exec-3] c.user.aspect.ControllerLoggerAspect      - [Controller]  ⏱️ UserController.updateUser(..) executed in 52 ms
2025-04-26 01:15:11 [34m INFO[0;39m --- [USER-SERVICE] [nio-8082-exec-6] c.user.aspect.ControllerLoggerAspect      - [Controller]  ➡️ UserController.deleteUser() with arguments: []
2025-04-26 01:15:11 [34m INFO[0;39m --- [USER-SERVICE] [nio-8082-exec-6] com.user.aspect.ServiceLoggerAspect       - [Service]     ➡️ UserServiceImpl.deleteUser() with arguments: []
2025-04-26 01:15:11 [34m INFO[0;39m --- [USER-SERVICE] [nio-8082-exec-6] c.u.aspect.FeignClientLoggerAspect        - [FeignClient] ➡️ AuthClient.deleteUser(..) with arguments: [mayur4, Bearer eyJhbGciOiJIUzM4NCJ9.eyJzdWIiOiJtYXl1cjQiLCJhdXRoVXNlcklkIjo2LCJyb2xlcyI6WyJVU0VSIiwiSU5URVJOQUxfQVVUSCJdLCJpYXQiOjE3NDU2MTAzMTEsImV4cCI6MTc0NTYxMzkxMX0.YJfxI_UAE4veyXTQdlr5_9MoPGLAGdAwgyP4duDcbNgFzIcYOnDdlyYJ1jVZV0tq]
2025-04-26 01:15:12 [34m INFO[0;39m --- [USER-SERVICE] [nio-8082-exec-6] c.u.aspect.FeignClientLoggerAspect        - [FeignClient] ✅ AuthClient.deleteUser(..) with result: User deleted from AuthService
2025-04-26 01:15:12 [34m INFO[0;39m --- [USER-SERVICE] [nio-8082-exec-6] c.u.aspect.FeignClientLoggerAspect        - [FeignClient] ⏱️ deleteUser executed in 929 ms
2025-04-26 01:15:12 [34m INFO[0;39m --- [USER-SERVICE] [nio-8082-exec-6] com.user.aspect.ServiceLoggerAspect       - [Service]     ✅ UserServiceImpl.deleteUser() with result: null
2025-04-26 01:15:12 [34m INFO[0;39m --- [USER-SERVICE] [nio-8082-exec-6] com.user.aspect.ServiceLoggerAspect       - [Service]     ⏱️ UserServiceImpl.deleteUser() executed in 954 ms
2025-04-26 01:15:12 [34m INFO[0;39m --- [USER-SERVICE] [nio-8082-exec-6] c.user.aspect.ControllerLoggerAspect      - [Controller]  ✅ UserController.deleteUser() with result: <200 OK OK,User deleted successfully.,[]>
2025-04-26 01:15:12 [34m INFO[0;39m --- [USER-SERVICE] [nio-8082-exec-6] c.user.aspect.ControllerLoggerAspect      - [Controller]  ⏱️ UserController.deleteUser() executed in 955 ms
2025-04-26 01:18:03 [34m INFO[0;39m --- [USER-SERVICE] [rap-executor-%d] c.n.d.s.r.aws.ConfigClusterResolver       - Resolving eureka endpoints via configuration
2025-04-26 01:20:04 [34m INFO[0;39m --- [USER-SERVICE] [reshExecutor-%d] c.n.d.s.t.d.RedirectingEurekaHttpClient   - Request execution error. endpoint=DefaultEndpoint{ serviceUrl='http://localhost:8761/eureka/} exception=I/O error on GET request for "http://localhost:8761/eureka/apps/delta": Connect to http://localhost:8761 [localhost/127.0.0.1, localhost/0:0:0:0:0:0:0:1] failed: Connection refused: getsockopt stacktrace=org.springframework.web.client.ResourceAccessException: I/O error on GET request for "http://localhost:8761/eureka/apps/delta": Connect to http://localhost:8761 [localhost/127.0.0.1, localhost/0:0:0:0:0:0:0:1] failed: Connection refused: getsockopt
	at org.springframework.web.client.RestTemplate.createResourceAccessException(RestTemplate.java:926)
	at org.springframework.web.client.RestTemplate.doExecute(RestTemplate.java:906)
	at org.springframework.web.client.RestTemplate.execute(RestTemplate.java:841)
	at org.springframework.web.client.RestTemplate.exchange(RestTemplate.java:702)
	at org.springframework.cloud.netflix.eureka.http.RestTemplateEurekaHttpClient.getApplicationsInternal(RestTemplateEurekaHttpClient.java:174)
	at org.springframework.cloud.netflix.eureka.http.RestTemplateEurekaHttpClient.getDelta(RestTemplateEurekaHttpClient.java:186)
	at com.netflix.discovery.shared.transport.decorator.EurekaHttpClientDecorator$7.execute(EurekaHttpClientDecorator.java:152)
	at com.netflix.discovery.shared.transport.decorator.RedirectingEurekaHttpClient.execute(RedirectingEurekaHttpClient.java:91)
	at com.netflix.discovery.shared.transport.decorator.EurekaHttpClientDecorator.getDelta(EurekaHttpClientDecorator.java:149)
	at com.netflix.discovery.shared.transport.decorator.EurekaHttpClientDecorator$7.execute(EurekaHttpClientDecorator.java:152)
	at com.netflix.discovery.shared.transport.decorator.RetryableEurekaHttpClient.execute(RetryableEurekaHttpClient.java:120)
	at com.netflix.discovery.shared.transport.decorator.EurekaHttpClientDecorator.getDelta(EurekaHttpClientDecorator.java:149)
	at com.netflix.discovery.shared.transport.decorator.EurekaHttpClientDecorator$7.execute(EurekaHttpClientDecorator.java:152)
	at com.netflix.discovery.shared.transport.decorator.SessionedEurekaHttpClient.execute(SessionedEurekaHttpClient.java:76)
	at com.netflix.discovery.shared.transport.decorator.EurekaHttpClientDecorator.getDelta(EurekaHttpClientDecorator.java:149)
	at com.netflix.discovery.DiscoveryClient.getAndUpdateDelta(DiscoveryClient.java:1080)
	at com.netflix.discovery.DiscoveryClient.fetchRegistry(DiscoveryClient.java:963)
	at com.netflix.discovery.DiscoveryClient.refreshRegistry(DiscoveryClient.java:1473)
	at com.netflix.discovery.DiscoveryClient$CacheRefreshThread.run(DiscoveryClient.java:1441)
	at java.base/java.util.concurrent.Executors$RunnableAdapter.call(Executors.java:572)
	at java.base/java.util.concurrent.FutureTask.run(FutureTask.java:317)
	at java.base/java.util.concurrent.ThreadPoolExecutor.runWorker(ThreadPoolExecutor.java:1144)
	at java.base/java.util.concurrent.ThreadPoolExecutor$Worker.run(ThreadPoolExecutor.java:642)
	at java.base/java.lang.Thread.run(Thread.java:1583)
Caused by: org.apache.hc.client5.http.HttpHostConnectException: Connect to http://localhost:8761 [localhost/127.0.0.1, localhost/0:0:0:0:0:0:0:1] failed: Connection refused: getsockopt
	at java.base/sun.nio.ch.Net.pollConnect(Native Method)
	at java.base/sun.nio.ch.Net.pollConnectNow(Net.java:682)
	at java.base/sun.nio.ch.NioSocketImpl.timedFinishConnect(NioSocketImpl.java:542)
	at java.base/sun.nio.ch.NioSocketImpl.connect(NioSocketImpl.java:592)
	at java.base/java.net.SocksSocketImpl.connect(SocksSocketImpl.java:327)
	at java.base/java.net.Socket.connect(Socket.java:751)
	at org.apache.hc.client5.http.impl.io.DefaultHttpClientConnectionOperator.connect(DefaultHttpClientConnectionOperator.java:216)
	at org.apache.hc.client5.http.impl.io.PoolingHttpClientConnectionManager.connect(PoolingHttpClientConnectionManager.java:490)
	at org.apache.hc.client5.http.impl.classic.InternalExecRuntime.connectEndpoint(InternalExecRuntime.java:164)
	at org.apache.hc.client5.http.impl.classic.InternalExecRuntime.connectEndpoint(InternalExecRuntime.java:174)
	at org.apache.hc.client5.http.impl.classic.ConnectExec.execute(ConnectExec.java:144)
	at org.apache.hc.client5.http.impl.classic.ExecChainElement.execute(ExecChainElement.java:51)
	at org.apache.hc.client5.http.impl.classic.ProtocolExec.execute(ProtocolExec.java:192)
	at org.apache.hc.client5.http.impl.classic.ExecChainElement.execute(ExecChainElement.java:51)
	at org.apache.hc.client5.http.impl.classic.ContentCompressionExec.execute(ContentCompressionExec.java:150)
	at org.apache.hc.client5.http.impl.classic.ExecChainElement.execute(ExecChainElement.java:51)
	at org.apache.hc.client5.http.impl.classic.HttpRequestRetryExec.execute(HttpRequestRetryExec.java:113)
	at org.apache.hc.client5.http.impl.classic.ExecChainElement.execute(ExecChainElement.java:51)
	at org.apache.hc.client5.http.impl.classic.RedirectExec.execute(RedirectExec.java:110)
	at org.apache.hc.client5.http.impl.classic.ExecChainElement.execute(ExecChainElement.java:51)
	at org.apache.hc.client5.http.impl.classic.InternalHttpClient.doExecute(InternalHttpClient.java:174)
	at org.apache.hc.client5.http.impl.classic.CloseableHttpClient.execute(CloseableHttpClient.java:87)
	at org.apache.hc.client5.http.impl.classic.CloseableHttpClient.execute(CloseableHttpClient.java:55)
	at org.apache.hc.client5.http.classic.HttpClient.executeOpen(HttpClient.java:183)
	at org.springframework.http.client.HttpComponentsClientHttpRequest.executeInternal(HttpComponentsClientHttpRequest.java:99)
	at org.springframework.http.client.AbstractStreamingClientHttpRequest.executeInternal(AbstractStreamingClientHttpRequest.java:71)
	at org.springframework.http.client.AbstractClientHttpRequest.execute(AbstractClientHttpRequest.java:81)
	at org.springframework.http.client.InterceptingClientHttpRequest$InterceptingRequestExecution.execute(InterceptingClientHttpRequest.java:117)
	at org.springframework.cloud.netflix.eureka.http.RestTemplateTransportClientFactory.lambda$restTemplate$2(RestTemplateTransportClientFactory.java:145)
	at org.springframework.http.client.InterceptingClientHttpRequest$InterceptingRequestExecution.execute(InterceptingClientHttpRequest.java:88)
	at org.springframework.http.client.InterceptingClientHttpRequest.executeInternal(InterceptingClientHttpRequest.java:72)
	at org.springframework.http.client.AbstractBufferingClientHttpRequest.executeInternal(AbstractBufferingClientHttpRequest.java:48)
	at org.springframework.http.client.AbstractClientHttpRequest.execute(AbstractClientHttpRequest.java:81)
	at org.springframework.web.client.RestTemplate.doExecute(RestTemplate.java:900)
	... 22 more

2025-04-26 01:20:04 [31m WARN[0;39m --- [USER-SERVICE] [reshExecutor-%d] c.n.d.s.t.d.RetryableEurekaHttpClient     - Request execution failed with message: I/O error on GET request for "http://localhost:8761/eureka/apps/delta": Connect to http://localhost:8761 [localhost/127.0.0.1, localhost/0:0:0:0:0:0:0:1] failed: Connection refused: getsockopt
2025-04-26 01:20:04 [34m INFO[0;39m --- [USER-SERVICE] [reshExecutor-%d] c.n.d.s.t.d.RedirectingEurekaHttpClient   - Request execution error. endpoint=DefaultEndpoint{ serviceUrl='http://localhost:8761/eureka/}, exception=I/O error on GET request for "http://localhost:8761/eureka/apps/delta": Connect to http://localhost:8761 [localhost/127.0.0.1, localhost/0:0:0:0:0:0:0:1] failed: Connection refused: getsockopt stacktrace=org.springframework.web.client.ResourceAccessException: I/O error on GET request for "http://localhost:8761/eureka/apps/delta": Connect to http://localhost:8761 [localhost/127.0.0.1, localhost/0:0:0:0:0:0:0:1] failed: Connection refused: getsockopt
	at org.springframework.web.client.RestTemplate.createResourceAccessException(RestTemplate.java:926)
	at org.springframework.web.client.RestTemplate.doExecute(RestTemplate.java:906)
	at org.springframework.web.client.RestTemplate.execute(RestTemplate.java:841)
	at org.springframework.web.client.RestTemplate.exchange(RestTemplate.java:702)
	at org.springframework.cloud.netflix.eureka.http.RestTemplateEurekaHttpClient.getApplicationsInternal(RestTemplateEurekaHttpClient.java:174)
	at org.springframework.cloud.netflix.eureka.http.RestTemplateEurekaHttpClient.getDelta(RestTemplateEurekaHttpClient.java:186)
	at com.netflix.discovery.shared.transport.decorator.EurekaHttpClientDecorator$7.execute(EurekaHttpClientDecorator.java:152)
	at com.netflix.discovery.shared.transport.decorator.RedirectingEurekaHttpClient.executeOnNewServer(RedirectingEurekaHttpClient.java:121)
	at com.netflix.discovery.shared.transport.decorator.RedirectingEurekaHttpClient.execute(RedirectingEurekaHttpClient.java:80)
	at com.netflix.discovery.shared.transport.decorator.EurekaHttpClientDecorator.getDelta(EurekaHttpClientDecorator.java:149)
	at com.netflix.discovery.shared.transport.decorator.EurekaHttpClientDecorator$7.execute(EurekaHttpClientDecorator.java:152)
	at com.netflix.discovery.shared.transport.decorator.RetryableEurekaHttpClient.execute(RetryableEurekaHttpClient.java:120)
	at com.netflix.discovery.shared.transport.decorator.EurekaHttpClientDecorator.getDelta(EurekaHttpClientDecorator.java:149)
	at com.netflix.discovery.shared.transport.decorator.EurekaHttpClientDecorator$7.execute(EurekaHttpClientDecorator.java:152)
	at com.netflix.discovery.shared.transport.decorator.SessionedEurekaHttpClient.execute(SessionedEurekaHttpClient.java:76)
	at com.netflix.discovery.shared.transport.decorator.EurekaHttpClientDecorator.getDelta(EurekaHttpClientDecorator.java:149)
	at com.netflix.discovery.DiscoveryClient.getAndUpdateDelta(DiscoveryClient.java:1080)
	at com.netflix.discovery.DiscoveryClient.fetchRegistry(DiscoveryClient.java:963)
	at com.netflix.discovery.DiscoveryClient.refreshRegistry(DiscoveryClient.java:1473)
	at com.netflix.discovery.DiscoveryClient$CacheRefreshThread.run(DiscoveryClient.java:1441)
	at java.base/java.util.concurrent.Executors$RunnableAdapter.call(Executors.java:572)
	at java.base/java.util.concurrent.FutureTask.run(FutureTask.java:317)
	at java.base/java.util.concurrent.ThreadPoolExecutor.runWorker(ThreadPoolExecutor.java:1144)
	at java.base/java.util.concurrent.ThreadPoolExecutor$Worker.run(ThreadPoolExecutor.java:642)
	at java.base/java.lang.Thread.run(Thread.java:1583)
Caused by: org.apache.hc.client5.http.HttpHostConnectException: Connect to http://localhost:8761 [localhost/127.0.0.1, localhost/0:0:0:0:0:0:0:1] failed: Connection refused: getsockopt
	at java.base/sun.nio.ch.Net.pollConnect(Native Method)
	at java.base/sun.nio.ch.Net.pollConnectNow(Net.java:682)
	at java.base/sun.nio.ch.NioSocketImpl.timedFinishConnect(NioSocketImpl.java:542)
	at java.base/sun.nio.ch.NioSocketImpl.connect(NioSocketImpl.java:592)
	at java.base/java.net.SocksSocketImpl.connect(SocksSocketImpl.java:327)
	at java.base/java.net.Socket.connect(Socket.java:751)
	at org.apache.hc.client5.http.impl.io.DefaultHttpClientConnectionOperator.connect(DefaultHttpClientConnectionOperator.java:216)
	at org.apache.hc.client5.http.impl.io.PoolingHttpClientConnectionManager.connect(PoolingHttpClientConnectionManager.java:490)
	at org.apache.hc.client5.http.impl.classic.InternalExecRuntime.connectEndpoint(InternalExecRuntime.java:164)
	at org.apache.hc.client5.http.impl.classic.InternalExecRuntime.connectEndpoint(InternalExecRuntime.java:174)
	at org.apache.hc.client5.http.impl.classic.ConnectExec.execute(ConnectExec.java:144)
	at org.apache.hc.client5.http.impl.classic.ExecChainElement.execute(ExecChainElement.java:51)
	at org.apache.hc.client5.http.impl.classic.ProtocolExec.execute(ProtocolExec.java:192)
	at org.apache.hc.client5.http.impl.classic.ExecChainElement.execute(ExecChainElement.java:51)
	at org.apache.hc.client5.http.impl.classic.ContentCompressionExec.execute(ContentCompressionExec.java:150)
	at org.apache.hc.client5.http.impl.classic.ExecChainElement.execute(ExecChainElement.java:51)
	at org.apache.hc.client5.http.impl.classic.HttpRequestRetryExec.execute(HttpRequestRetryExec.java:113)
	at org.apache.hc.client5.http.impl.classic.ExecChainElement.execute(ExecChainElement.java:51)
	at org.apache.hc.client5.http.impl.classic.RedirectExec.execute(RedirectExec.java:110)
	at org.apache.hc.client5.http.impl.classic.ExecChainElement.execute(ExecChainElement.java:51)
	at org.apache.hc.client5.http.impl.classic.InternalHttpClient.doExecute(InternalHttpClient.java:174)
	at org.apache.hc.client5.http.impl.classic.CloseableHttpClient.execute(CloseableHttpClient.java:87)
	at org.apache.hc.client5.http.impl.classic.CloseableHttpClient.execute(CloseableHttpClient.java:55)
	at org.apache.hc.client5.http.classic.HttpClient.executeOpen(HttpClient.java:183)
	at org.springframework.http.client.HttpComponentsClientHttpRequest.executeInternal(HttpComponentsClientHttpRequest.java:99)
	at org.springframework.http.client.AbstractStreamingClientHttpRequest.executeInternal(AbstractStreamingClientHttpRequest.java:71)
	at org.springframework.http.client.AbstractClientHttpRequest.execute(AbstractClientHttpRequest.java:81)
	at org.springframework.http.client.InterceptingClientHttpRequest$InterceptingRequestExecution.execute(InterceptingClientHttpRequest.java:117)
	at org.springframework.cloud.netflix.eureka.http.RestTemplateTransportClientFactory.lambda$restTemplate$2(RestTemplateTransportClientFactory.java:145)
	at org.springframework.http.client.InterceptingClientHttpRequest$InterceptingRequestExecution.execute(InterceptingClientHttpRequest.java:88)
	at org.springframework.http.client.InterceptingClientHttpRequest.executeInternal(InterceptingClientHttpRequest.java:72)
	at org.springframework.http.client.AbstractBufferingClientHttpRequest.executeInternal(AbstractBufferingClientHttpRequest.java:48)
	at org.springframework.http.client.AbstractClientHttpRequest.execute(AbstractClientHttpRequest.java:81)
	at org.springframework.web.client.RestTemplate.doExecute(RestTemplate.java:900)
	... 23 more

2025-04-26 01:20:04 [31m WARN[0;39m --- [USER-SERVICE] [reshExecutor-%d] c.n.d.s.t.d.RetryableEurekaHttpClient     - Request execution failed with message: I/O error on GET request for "http://localhost:8761/eureka/apps/delta": Connect to http://localhost:8761 [localhost/127.0.0.1, localhost/0:0:0:0:0:0:0:1] failed: Connection refused: getsockopt
2025-04-26 01:20:04 [34m INFO[0;39m --- [USER-SERVICE] [reshExecutor-%d] c.netflix.discovery.DiscoveryClient       - DiscoveryClient_USER-SERVICE/Mayank:USER-SERVICE:8082 - was unable to refresh its cache! This periodic background refresh will be retried in 30 seconds. status = Cannot execute request on any known server stacktrace = com.netflix.discovery.shared.transport.TransportException: Cannot execute request on any known server
	at com.netflix.discovery.shared.transport.decorator.RetryableEurekaHttpClient.execute(RetryableEurekaHttpClient.java:112)
	at com.netflix.discovery.shared.transport.decorator.EurekaHttpClientDecorator.getDelta(EurekaHttpClientDecorator.java:149)
	at com.netflix.discovery.shared.transport.decorator.EurekaHttpClientDecorator$7.execute(EurekaHttpClientDecorator.java:152)
	at com.netflix.discovery.shared.transport.decorator.SessionedEurekaHttpClient.execute(SessionedEurekaHttpClient.java:76)
	at com.netflix.discovery.shared.transport.decorator.EurekaHttpClientDecorator.getDelta(EurekaHttpClientDecorator.java:149)
	at com.netflix.discovery.DiscoveryClient.getAndUpdateDelta(DiscoveryClient.java:1080)
	at com.netflix.discovery.DiscoveryClient.fetchRegistry(DiscoveryClient.java:963)
	at com.netflix.discovery.DiscoveryClient.refreshRegistry(DiscoveryClient.java:1473)
	at com.netflix.discovery.DiscoveryClient$CacheRefreshThread.run(DiscoveryClient.java:1441)
	at java.base/java.util.concurrent.Executors$RunnableAdapter.call(Executors.java:572)
	at java.base/java.util.concurrent.FutureTask.run(FutureTask.java:317)
	at java.base/java.util.concurrent.ThreadPoolExecutor.runWorker(ThreadPoolExecutor.java:1144)
	at java.base/java.util.concurrent.ThreadPoolExecutor$Worker.run(ThreadPoolExecutor.java:642)
	at java.base/java.lang.Thread.run(Thread.java:1583)

2025-04-26 01:20:04 [34m INFO[0;39m --- [USER-SERVICE] [beatExecutor-%d] c.n.d.s.t.d.RedirectingEurekaHttpClient   - Request execution error. endpoint=DefaultEndpoint{ serviceUrl='http://localhost:8761/eureka/} exception=I/O error on PUT request for "http://localhost:8761/eureka/apps/USER-SERVICE/Mayank:USER-SERVICE:8082": Connect to http://localhost:8761 [localhost/127.0.0.1, localhost/0:0:0:0:0:0:0:1] failed: Connection refused: getsockopt stacktrace=org.springframework.web.client.ResourceAccessException: I/O error on PUT request for "http://localhost:8761/eureka/apps/USER-SERVICE/Mayank:USER-SERVICE:8082": Connect to http://localhost:8761 [localhost/127.0.0.1, localhost/0:0:0:0:0:0:0:1] failed: Connection refused: getsockopt
	at org.springframework.web.client.RestTemplate.createResourceAccessException(RestTemplate.java:926)
	at org.springframework.web.client.RestTemplate.doExecute(RestTemplate.java:906)
	at org.springframework.web.client.RestTemplate.execute(RestTemplate.java:841)
	at org.springframework.web.client.RestTemplate.exchange(RestTemplate.java:702)
	at org.springframework.cloud.netflix.eureka.http.RestTemplateEurekaHttpClient.sendHeartBeat(RestTemplateEurekaHttpClient.java:119)
	at com.netflix.discovery.shared.transport.decorator.EurekaHttpClientDecorator$3.execute(EurekaHttpClientDecorator.java:92)
	at com.netflix.discovery.shared.transport.decorator.RedirectingEurekaHttpClient.execute(RedirectingEurekaHttpClient.java:91)
	at com.netflix.discovery.shared.transport.decorator.EurekaHttpClientDecorator.sendHeartBeat(EurekaHttpClientDecorator.java:89)
	at com.netflix.discovery.shared.transport.decorator.EurekaHttpClientDecorator$3.execute(EurekaHttpClientDecorator.java:92)
	at com.netflix.discovery.shared.transport.decorator.RetryableEurekaHttpClient.execute(RetryableEurekaHttpClient.java:120)
	at com.netflix.discovery.shared.transport.decorator.EurekaHttpClientDecorator.sendHeartBeat(EurekaHttpClientDecorator.java:89)
	at com.netflix.discovery.shared.transport.decorator.EurekaHttpClientDecorator$3.execute(EurekaHttpClientDecorator.java:92)
	at com.netflix.discovery.shared.transport.decorator.SessionedEurekaHttpClient.execute(SessionedEurekaHttpClient.java:76)
	at com.netflix.discovery.shared.transport.decorator.EurekaHttpClientDecorator.sendHeartBeat(EurekaHttpClientDecorator.java:89)
	at com.netflix.discovery.DiscoveryClient.renew(DiscoveryClient.java:845)
	at com.netflix.discovery.DiscoveryClient$HeartbeatThread.run(DiscoveryClient.java:1402)
	at java.base/java.util.concurrent.Executors$RunnableAdapter.call(Executors.java:572)
	at java.base/java.util.concurrent.FutureTask.run(FutureTask.java:317)
	at java.base/java.util.concurrent.ThreadPoolExecutor.runWorker(ThreadPoolExecutor.java:1144)
	at java.base/java.util.concurrent.ThreadPoolExecutor$Worker.run(ThreadPoolExecutor.java:642)
	at java.base/java.lang.Thread.run(Thread.java:1583)
Caused by: org.apache.hc.client5.http.HttpHostConnectException: Connect to http://localhost:8761 [localhost/127.0.0.1, localhost/0:0:0:0:0:0:0:1] failed: Connection refused: getsockopt
	at java.base/sun.nio.ch.Net.pollConnect(Native Method)
	at java.base/sun.nio.ch.Net.pollConnectNow(Net.java:682)
	at java.base/sun.nio.ch.NioSocketImpl.timedFinishConnect(NioSocketImpl.java:542)
	at java.base/sun.nio.ch.NioSocketImpl.connect(NioSocketImpl.java:592)
	at java.base/java.net.SocksSocketImpl.connect(SocksSocketImpl.java:327)
	at java.base/java.net.Socket.connect(Socket.java:751)
	at org.apache.hc.client5.http.impl.io.DefaultHttpClientConnectionOperator.connect(DefaultHttpClientConnectionOperator.java:216)
	at org.apache.hc.client5.http.impl.io.PoolingHttpClientConnectionManager.connect(PoolingHttpClientConnectionManager.java:490)
	at org.apache.hc.client5.http.impl.classic.InternalExecRuntime.connectEndpoint(InternalExecRuntime.java:164)
	at org.apache.hc.client5.http.impl.classic.InternalExecRuntime.connectEndpoint(InternalExecRuntime.java:174)
	at org.apache.hc.client5.http.impl.classic.ConnectExec.execute(ConnectExec.java:144)
	at org.apache.hc.client5.http.impl.classic.ExecChainElement.execute(ExecChainElement.java:51)
	at org.apache.hc.client5.http.impl.classic.ProtocolExec.execute(ProtocolExec.java:192)
	at org.apache.hc.client5.http.impl.classic.ExecChainElement.execute(ExecChainElement.java:51)
	at org.apache.hc.client5.http.impl.classic.ContentCompressionExec.execute(ContentCompressionExec.java:150)
	at org.apache.hc.client5.http.impl.classic.ExecChainElement.execute(ExecChainElement.java:51)
	at org.apache.hc.client5.http.impl.classic.HttpRequestRetryExec.execute(HttpRequestRetryExec.java:113)
	at org.apache.hc.client5.http.impl.classic.ExecChainElement.execute(ExecChainElement.java:51)
	at org.apache.hc.client5.http.impl.classic.RedirectExec.execute(RedirectExec.java:110)
	at org.apache.hc.client5.http.impl.classic.ExecChainElement.execute(ExecChainElement.java:51)
	at org.apache.hc.client5.http.impl.classic.InternalHttpClient.doExecute(InternalHttpClient.java:174)
	at org.apache.hc.client5.http.impl.classic.CloseableHttpClient.execute(CloseableHttpClient.java:87)
	at org.apache.hc.client5.http.impl.classic.CloseableHttpClient.execute(CloseableHttpClient.java:55)
	at org.apache.hc.client5.http.classic.HttpClient.executeOpen(HttpClient.java:183)
	at org.springframework.http.client.HttpComponentsClientHttpRequest.executeInternal(HttpComponentsClientHttpRequest.java:99)
	at org.springframework.http.client.AbstractStreamingClientHttpRequest.executeInternal(AbstractStreamingClientHttpRequest.java:71)
	at org.springframework.http.client.AbstractClientHttpRequest.execute(AbstractClientHttpRequest.java:81)
	at org.springframework.http.client.InterceptingClientHttpRequest$InterceptingRequestExecution.execute(InterceptingClientHttpRequest.java:117)
	at org.springframework.cloud.netflix.eureka.http.RestTemplateTransportClientFactory.lambda$restTemplate$2(RestTemplateTransportClientFactory.java:145)
	at org.springframework.http.client.InterceptingClientHttpRequest$InterceptingRequestExecution.execute(InterceptingClientHttpRequest.java:88)
	at org.springframework.http.client.InterceptingClientHttpRequest.executeInternal(InterceptingClientHttpRequest.java:72)
	at org.springframework.http.client.AbstractBufferingClientHttpRequest.executeInternal(AbstractBufferingClientHttpRequest.java:48)
	at org.springframework.http.client.AbstractClientHttpRequest.execute(AbstractClientHttpRequest.java:81)
	at org.springframework.web.client.RestTemplate.doExecute(RestTemplate.java:900)
	... 19 more

2025-04-26 01:20:04 [31m WARN[0;39m --- [USER-SERVICE] [beatExecutor-%d] c.n.d.s.t.d.RetryableEurekaHttpClient     - Request execution failed with message: I/O error on PUT request for "http://localhost:8761/eureka/apps/USER-SERVICE/Mayank:USER-SERVICE:8082": Connect to http://localhost:8761 [localhost/127.0.0.1, localhost/0:0:0:0:0:0:0:1] failed: Connection refused: getsockopt
2025-04-26 01:20:04 [34m INFO[0;39m --- [USER-SERVICE] [beatExecutor-%d] c.n.d.s.t.d.RedirectingEurekaHttpClient   - Request execution error. endpoint=DefaultEndpoint{ serviceUrl='http://localhost:8761/eureka/}, exception=I/O error on PUT request for "http://localhost:8761/eureka/apps/USER-SERVICE/Mayank:USER-SERVICE:8082": Connect to http://localhost:8761 [localhost/127.0.0.1, localhost/0:0:0:0:0:0:0:1] failed: Connection refused: getsockopt stacktrace=org.springframework.web.client.ResourceAccessException: I/O error on PUT request for "http://localhost:8761/eureka/apps/USER-SERVICE/Mayank:USER-SERVICE:8082": Connect to http://localhost:8761 [localhost/127.0.0.1, localhost/0:0:0:0:0:0:0:1] failed: Connection refused: getsockopt
	at org.springframework.web.client.RestTemplate.createResourceAccessException(RestTemplate.java:926)
	at org.springframework.web.client.RestTemplate.doExecute(RestTemplate.java:906)
	at org.springframework.web.client.RestTemplate.execute(RestTemplate.java:841)
	at org.springframework.web.client.RestTemplate.exchange(RestTemplate.java:702)
	at org.springframework.cloud.netflix.eureka.http.RestTemplateEurekaHttpClient.sendHeartBeat(RestTemplateEurekaHttpClient.java:119)
	at com.netflix.discovery.shared.transport.decorator.EurekaHttpClientDecorator$3.execute(EurekaHttpClientDecorator.java:92)
	at com.netflix.discovery.shared.transport.decorator.RedirectingEurekaHttpClient.executeOnNewServer(RedirectingEurekaHttpClient.java:121)
	at com.netflix.discovery.shared.transport.decorator.RedirectingEurekaHttpClient.execute(RedirectingEurekaHttpClient.java:80)
	at com.netflix.discovery.shared.transport.decorator.EurekaHttpClientDecorator.sendHeartBeat(EurekaHttpClientDecorator.java:89)
	at com.netflix.discovery.shared.transport.decorator.EurekaHttpClientDecorator$3.execute(EurekaHttpClientDecorator.java:92)
	at com.netflix.discovery.shared.transport.decorator.RetryableEurekaHttpClient.execute(RetryableEurekaHttpClient.java:120)
	at com.netflix.discovery.shared.transport.decorator.EurekaHttpClientDecorator.sendHeartBeat(EurekaHttpClientDecorator.java:89)
	at com.netflix.discovery.shared.transport.decorator.EurekaHttpClientDecorator$3.execute(EurekaHttpClientDecorator.java:92)
	at com.netflix.discovery.shared.transport.decorator.SessionedEurekaHttpClient.execute(SessionedEurekaHttpClient.java:76)
	at com.netflix.discovery.shared.transport.decorator.EurekaHttpClientDecorator.sendHeartBeat(EurekaHttpClientDecorator.java:89)
	at com.netflix.discovery.DiscoveryClient.renew(DiscoveryClient.java:845)
	at com.netflix.discovery.DiscoveryClient$HeartbeatThread.run(DiscoveryClient.java:1402)
	at java.base/java.util.concurrent.Executors$RunnableAdapter.call(Executors.java:572)
	at java.base/java.util.concurrent.FutureTask.run(FutureTask.java:317)
	at java.base/java.util.concurrent.ThreadPoolExecutor.runWorker(ThreadPoolExecutor.java:1144)
	at java.base/java.util.concurrent.ThreadPoolExecutor$Worker.run(ThreadPoolExecutor.java:642)
	at java.base/java.lang.Thread.run(Thread.java:1583)
Caused by: org.apache.hc.client5.http.HttpHostConnectException: Connect to http://localhost:8761 [localhost/127.0.0.1, localhost/0:0:0:0:0:0:0:1] failed: Connection refused: getsockopt
	at java.base/sun.nio.ch.Net.pollConnect(Native Method)
	at java.base/sun.nio.ch.Net.pollConnectNow(Net.java:682)
	at java.base/sun.nio.ch.NioSocketImpl.timedFinishConnect(NioSocketImpl.java:542)
	at java.base/sun.nio.ch.NioSocketImpl.connect(NioSocketImpl.java:592)
	at java.base/java.net.SocksSocketImpl.connect(SocksSocketImpl.java:327)
	at java.base/java.net.Socket.connect(Socket.java:751)
	at org.apache.hc.client5.http.impl.io.DefaultHttpClientConnectionOperator.connect(DefaultHttpClientConnectionOperator.java:216)
	at org.apache.hc.client5.http.impl.io.PoolingHttpClientConnectionManager.connect(PoolingHttpClientConnectionManager.java:490)
	at org.apache.hc.client5.http.impl.classic.InternalExecRuntime.connectEndpoint(InternalExecRuntime.java:164)
	at org.apache.hc.client5.http.impl.classic.InternalExecRuntime.connectEndpoint(InternalExecRuntime.java:174)
	at org.apache.hc.client5.http.impl.classic.ConnectExec.execute(ConnectExec.java:144)
	at org.apache.hc.client5.http.impl.classic.ExecChainElement.execute(ExecChainElement.java:51)
	at org.apache.hc.client5.http.impl.classic.ProtocolExec.execute(ProtocolExec.java:192)
	at org.apache.hc.client5.http.impl.classic.ExecChainElement.execute(ExecChainElement.java:51)
	at org.apache.hc.client5.http.impl.classic.ContentCompressionExec.execute(ContentCompressionExec.java:150)
	at org.apache.hc.client5.http.impl.classic.ExecChainElement.execute(ExecChainElement.java:51)
	at org.apache.hc.client5.http.impl.classic.HttpRequestRetryExec.execute(HttpRequestRetryExec.java:113)
	at org.apache.hc.client5.http.impl.classic.ExecChainElement.execute(ExecChainElement.java:51)
	at org.apache.hc.client5.http.impl.classic.RedirectExec.execute(RedirectExec.java:110)
	at org.apache.hc.client5.http.impl.classic.ExecChainElement.execute(ExecChainElement.java:51)
	at org.apache.hc.client5.http.impl.classic.InternalHttpClient.doExecute(InternalHttpClient.java:174)
	at org.apache.hc.client5.http.impl.classic.CloseableHttpClient.execute(CloseableHttpClient.java:87)
	at org.apache.hc.client5.http.impl.classic.CloseableHttpClient.execute(CloseableHttpClient.java:55)
	at org.apache.hc.client5.http.classic.HttpClient.executeOpen(HttpClient.java:183)
	at org.springframework.http.client.HttpComponentsClientHttpRequest.executeInternal(HttpComponentsClientHttpRequest.java:99)
	at org.springframework.http.client.AbstractStreamingClientHttpRequest.executeInternal(AbstractStreamingClientHttpRequest.java:71)
	at org.springframework.http.client.AbstractClientHttpRequest.execute(AbstractClientHttpRequest.java:81)
	at org.springframework.http.client.InterceptingClientHttpRequest$InterceptingRequestExecution.execute(InterceptingClientHttpRequest.java:117)
	at org.springframework.cloud.netflix.eureka.http.RestTemplateTransportClientFactory.lambda$restTemplate$2(RestTemplateTransportClientFactory.java:145)
	at org.springframework.http.client.InterceptingClientHttpRequest$InterceptingRequestExecution.execute(InterceptingClientHttpRequest.java:88)
	at org.springframework.http.client.InterceptingClientHttpRequest.executeInternal(InterceptingClientHttpRequest.java:72)
	at org.springframework.http.client.AbstractBufferingClientHttpRequest.executeInternal(AbstractBufferingClientHttpRequest.java:48)
	at org.springframework.http.client.AbstractClientHttpRequest.execute(AbstractClientHttpRequest.java:81)
	at org.springframework.web.client.RestTemplate.doExecute(RestTemplate.java:900)
	... 20 more

2025-04-26 01:20:04 [31m WARN[0;39m --- [USER-SERVICE] [beatExecutor-%d] c.n.d.s.t.d.RetryableEurekaHttpClient     - Request execution failed with message: I/O error on PUT request for "http://localhost:8761/eureka/apps/USER-SERVICE/Mayank:USER-SERVICE:8082": Connect to http://localhost:8761 [localhost/127.0.0.1, localhost/0:0:0:0:0:0:0:1] failed: Connection refused: getsockopt
2025-04-26 01:20:04 [1;31mERROR[0;39m --- [USER-SERVICE] [beatExecutor-%d] c.netflix.discovery.DiscoveryClient       - DiscoveryClient_USER-SERVICE/Mayank:USER-SERVICE:8082 - was unable to send heartbeat!
com.netflix.discovery.shared.transport.TransportException: Cannot execute request on any known server
	at com.netflix.discovery.shared.transport.decorator.RetryableEurekaHttpClient.execute(RetryableEurekaHttpClient.java:112)
	at com.netflix.discovery.shared.transport.decorator.EurekaHttpClientDecorator.sendHeartBeat(EurekaHttpClientDecorator.java:89)
	at com.netflix.discovery.shared.transport.decorator.EurekaHttpClientDecorator$3.execute(EurekaHttpClientDecorator.java:92)
	at com.netflix.discovery.shared.transport.decorator.SessionedEurekaHttpClient.execute(SessionedEurekaHttpClient.java:76)
	at com.netflix.discovery.shared.transport.decorator.EurekaHttpClientDecorator.sendHeartBeat(EurekaHttpClientDecorator.java:89)
	at com.netflix.discovery.DiscoveryClient.renew(DiscoveryClient.java:845)
	at com.netflix.discovery.DiscoveryClient$HeartbeatThread.run(DiscoveryClient.java:1402)
	at java.base/java.util.concurrent.Executors$RunnableAdapter.call(Executors.java:572)
	at java.base/java.util.concurrent.FutureTask.run(FutureTask.java:317)
	at java.base/java.util.concurrent.ThreadPoolExecutor.runWorker(ThreadPoolExecutor.java:1144)
	at java.base/java.util.concurrent.ThreadPoolExecutor$Worker.run(ThreadPoolExecutor.java:642)
	at java.base/java.lang.Thread.run(Thread.java:1583)
2025-04-26 01:20:16 [34m INFO[0;39m --- [USER-SERVICE] [on(9)-127.0.0.1] minMXBeanRegistrar$SpringApplicationAdmin - Application shutdown requested.
2025-04-26 01:20:16 [34m INFO[0;39m --- [USER-SERVICE] [on(9)-127.0.0.1] o.s.c.n.e.s.EurekaServiceRegistry         - Unregistering application USER-SERVICE with eureka with status DOWN
2025-04-26 01:20:16 [34m INFO[0;39m --- [USER-SERVICE] [on(9)-127.0.0.1] c.netflix.discovery.DiscoveryClient       - Saw local status change event StatusChangeEvent [timestamp=1745610616216, current=DOWN, previous=UP]
2025-04-26 01:20:16 [34m INFO[0;39m --- [USER-SERVICE] [foReplicator-%d] c.netflix.discovery.DiscoveryClient       - DiscoveryClient_USER-SERVICE/Mayank:USER-SERVICE:8082: registering service...
2025-04-26 01:20:16 [34m INFO[0;39m --- [USER-SERVICE] [on(9)-127.0.0.1] o.s.b.w.e.tomcat.GracefulShutdown         - Commencing graceful shutdown. Waiting for active requests to complete
2025-04-26 01:20:16 [34m INFO[0;39m --- [USER-SERVICE] [tomcat-shutdown] o.a.coyote.http11.Http11NioProtocol       - Pausing ProtocolHandler ["http-nio-8082"]
2025-04-26 01:20:16 [34m INFO[0;39m --- [USER-SERVICE] [foReplicator-%d] c.n.d.s.t.d.RedirectingEurekaHttpClient   - Request execution error. endpoint=DefaultEndpoint{ serviceUrl='http://localhost:8761/eureka/}, exception=I/O error on POST request for "http://localhost:8761/eureka/apps/USER-SERVICE": Connect to http://localhost:8761 [localhost/127.0.0.1, localhost/0:0:0:0:0:0:0:1] failed: Connection refused: getsockopt stacktrace=org.springframework.web.client.ResourceAccessException: I/O error on POST request for "http://localhost:8761/eureka/apps/USER-SERVICE": Connect to http://localhost:8761 [localhost/127.0.0.1, localhost/0:0:0:0:0:0:0:1] failed: Connection refused: getsockopt
	at org.springframework.web.client.RestTemplate.createResourceAccessException(RestTemplate.java:926)
	at org.springframework.web.client.RestTemplate.doExecute(RestTemplate.java:906)
	at org.springframework.web.client.RestTemplate.execute(RestTemplate.java:841)
	at org.springframework.web.client.RestTemplate.exchange(RestTemplate.java:702)
	at org.springframework.cloud.netflix.eureka.http.RestTemplateEurekaHttpClient.register(RestTemplateEurekaHttpClient.java:87)
	at com.netflix.discovery.shared.transport.decorator.EurekaHttpClientDecorator$1.execute(EurekaHttpClientDecorator.java:59)
	at com.netflix.discovery.shared.transport.decorator.RedirectingEurekaHttpClient.executeOnNewServer(RedirectingEurekaHttpClient.java:121)
	at com.netflix.discovery.shared.transport.decorator.RedirectingEurekaHttpClient.execute(RedirectingEurekaHttpClient.java:80)
	at com.netflix.discovery.shared.transport.decorator.EurekaHttpClientDecorator.register(EurekaHttpClientDecorator.java:56)
	at com.netflix.discovery.shared.transport.decorator.EurekaHttpClientDecorator$1.execute(EurekaHttpClientDecorator.java:59)
	at com.netflix.discovery.shared.transport.decorator.RetryableEurekaHttpClient.execute(RetryableEurekaHttpClient.java:120)
	at com.netflix.discovery.shared.transport.decorator.EurekaHttpClientDecorator.register(EurekaHttpClientDecorator.java:56)
	at com.netflix.discovery.shared.transport.decorator.EurekaHttpClientDecorator$1.execute(EurekaHttpClientDecorator.java:59)
	at com.netflix.discovery.shared.transport.decorator.SessionedEurekaHttpClient.execute(SessionedEurekaHttpClient.java:76)
	at com.netflix.discovery.shared.transport.decorator.EurekaHttpClientDecorator.register(EurekaHttpClientDecorator.java:56)
	at com.netflix.discovery.DiscoveryClient.register(DiscoveryClient.java:828)
	at com.netflix.discovery.InstanceInfoReplicator.run(InstanceInfoReplicator.java:125)
	at com.netflix.discovery.InstanceInfoReplicator$2.run(InstanceInfoReplicator.java:105)
	at java.base/java.util.concurrent.Executors$RunnableAdapter.call(Executors.java:572)
	at java.base/java.util.concurrent.FutureTask.run(FutureTask.java:317)
	at java.base/java.util.concurrent.ScheduledThreadPoolExecutor$ScheduledFutureTask.run(ScheduledThreadPoolExecutor.java:304)
	at java.base/java.util.concurrent.ThreadPoolExecutor.runWorker(ThreadPoolExecutor.java:1144)
	at java.base/java.util.concurrent.ThreadPoolExecutor$Worker.run(ThreadPoolExecutor.java:642)
	at java.base/java.lang.Thread.run(Thread.java:1583)
Caused by: org.apache.hc.client5.http.HttpHostConnectException: Connect to http://localhost:8761 [localhost/127.0.0.1, localhost/0:0:0:0:0:0:0:1] failed: Connection refused: getsockopt
	at java.base/sun.nio.ch.Net.pollConnect(Native Method)
	at java.base/sun.nio.ch.Net.pollConnectNow(Net.java:682)
	at java.base/sun.nio.ch.NioSocketImpl.timedFinishConnect(NioSocketImpl.java:542)
	at java.base/sun.nio.ch.NioSocketImpl.connect(NioSocketImpl.java:592)
	at java.base/java.net.SocksSocketImpl.connect(SocksSocketImpl.java:327)
	at java.base/java.net.Socket.connect(Socket.java:751)
	at org.apache.hc.client5.http.impl.io.DefaultHttpClientConnectionOperator.connect(DefaultHttpClientConnectionOperator.java:216)
	at org.apache.hc.client5.http.impl.io.PoolingHttpClientConnectionManager.connect(PoolingHttpClientConnectionManager.java:490)
	at org.apache.hc.client5.http.impl.classic.InternalExecRuntime.connectEndpoint(InternalExecRuntime.java:164)
	at org.apache.hc.client5.http.impl.classic.InternalExecRuntime.connectEndpoint(InternalExecRuntime.java:174)
	at org.apache.hc.client5.http.impl.classic.ConnectExec.execute(ConnectExec.java:144)
	at org.apache.hc.client5.http.impl.classic.ExecChainElement.execute(ExecChainElement.java:51)
	at org.apache.hc.client5.http.impl.classic.ProtocolExec.execute(ProtocolExec.java:192)
	at org.apache.hc.client5.http.impl.classic.ExecChainElement.execute(ExecChainElement.java:51)
	at org.apache.hc.client5.http.impl.classic.ContentCompressionExec.execute(ContentCompressionExec.java:150)
	at org.apache.hc.client5.http.impl.classic.ExecChainElement.execute(ExecChainElement.java:51)
	at org.apache.hc.client5.http.impl.classic.HttpRequestRetryExec.execute(HttpRequestRetryExec.java:113)
	at org.apache.hc.client5.http.impl.classic.ExecChainElement.execute(ExecChainElement.java:51)
	at org.apache.hc.client5.http.impl.classic.RedirectExec.execute(RedirectExec.java:110)
	at org.apache.hc.client5.http.impl.classic.ExecChainElement.execute(ExecChainElement.java:51)
	at org.apache.hc.client5.http.impl.classic.InternalHttpClient.doExecute(InternalHttpClient.java:174)
	at org.apache.hc.client5.http.impl.classic.CloseableHttpClient.execute(CloseableHttpClient.java:87)
	at org.apache.hc.client5.http.impl.classic.CloseableHttpClient.execute(CloseableHttpClient.java:55)
	at org.apache.hc.client5.http.classic.HttpClient.executeOpen(HttpClient.java:183)
	at org.springframework.http.client.HttpComponentsClientHttpRequest.executeInternal(HttpComponentsClientHttpRequest.java:99)
	at org.springframework.http.client.AbstractStreamingClientHttpRequest.executeInternal(AbstractStreamingClientHttpRequest.java:71)
	at org.springframework.http.client.AbstractClientHttpRequest.execute(AbstractClientHttpRequest.java:81)
	at org.springframework.http.client.InterceptingClientHttpRequest$InterceptingRequestExecution.execute(InterceptingClientHttpRequest.java:117)
	at org.springframework.cloud.netflix.eureka.http.RestTemplateTransportClientFactory.lambda$restTemplate$2(RestTemplateTransportClientFactory.java:145)
	at org.springframework.http.client.InterceptingClientHttpRequest$InterceptingRequestExecution.execute(InterceptingClientHttpRequest.java:88)
	at org.springframework.http.client.InterceptingClientHttpRequest.executeInternal(InterceptingClientHttpRequest.java:72)
	at org.springframework.http.client.AbstractBufferingClientHttpRequest.executeInternal(AbstractBufferingClientHttpRequest.java:48)
	at org.springframework.http.client.AbstractClientHttpRequest.execute(AbstractClientHttpRequest.java:81)
	at org.springframework.web.client.RestTemplate.doExecute(RestTemplate.java:900)
	... 22 more

2025-04-26 01:20:16 [31m WARN[0;39m --- [USER-SERVICE] [foReplicator-%d] c.n.d.s.t.d.RetryableEurekaHttpClient     - Request execution failed with message: I/O error on POST request for "http://localhost:8761/eureka/apps/USER-SERVICE": Connect to http://localhost:8761 [localhost/127.0.0.1, localhost/0:0:0:0:0:0:0:1] failed: Connection refused: getsockopt
2025-04-26 01:20:16 [31m WARN[0;39m --- [USER-SERVICE] [foReplicator-%d] c.netflix.discovery.DiscoveryClient       - DiscoveryClient_USER-SERVICE/Mayank:USER-SERVICE:8082 - registration failed Cannot execute request on any known server
com.netflix.discovery.shared.transport.TransportException: Cannot execute request on any known server
	at com.netflix.discovery.shared.transport.decorator.RetryableEurekaHttpClient.execute(RetryableEurekaHttpClient.java:112)
	at com.netflix.discovery.shared.transport.decorator.EurekaHttpClientDecorator.register(EurekaHttpClientDecorator.java:56)
	at com.netflix.discovery.shared.transport.decorator.EurekaHttpClientDecorator$1.execute(EurekaHttpClientDecorator.java:59)
	at com.netflix.discovery.shared.transport.decorator.SessionedEurekaHttpClient.execute(SessionedEurekaHttpClient.java:76)
	at com.netflix.discovery.shared.transport.decorator.EurekaHttpClientDecorator.register(EurekaHttpClientDecorator.java:56)
	at com.netflix.discovery.DiscoveryClient.register(DiscoveryClient.java:828)
	at com.netflix.discovery.InstanceInfoReplicator.run(InstanceInfoReplicator.java:125)
	at com.netflix.discovery.InstanceInfoReplicator$2.run(InstanceInfoReplicator.java:105)
	at java.base/java.util.concurrent.Executors$RunnableAdapter.call(Executors.java:572)
	at java.base/java.util.concurrent.FutureTask.run(FutureTask.java:317)
	at java.base/java.util.concurrent.ScheduledThreadPoolExecutor$ScheduledFutureTask.run(ScheduledThreadPoolExecutor.java:304)
	at java.base/java.util.concurrent.ThreadPoolExecutor.runWorker(ThreadPoolExecutor.java:1144)
	at java.base/java.util.concurrent.ThreadPoolExecutor$Worker.run(ThreadPoolExecutor.java:642)
	at java.base/java.lang.Thread.run(Thread.java:1583)
2025-04-26 01:20:16 [31m WARN[0;39m --- [USER-SERVICE] [foReplicator-%d] c.n.discovery.InstanceInfoReplicator      - There was a problem with the instance info replicator
com.netflix.discovery.shared.transport.TransportException: Cannot execute request on any known server
	at com.netflix.discovery.shared.transport.decorator.RetryableEurekaHttpClient.execute(RetryableEurekaHttpClient.java:112)
	at com.netflix.discovery.shared.transport.decorator.EurekaHttpClientDecorator.register(EurekaHttpClientDecorator.java:56)
	at com.netflix.discovery.shared.transport.decorator.EurekaHttpClientDecorator$1.execute(EurekaHttpClientDecorator.java:59)
	at com.netflix.discovery.shared.transport.decorator.SessionedEurekaHttpClient.execute(SessionedEurekaHttpClient.java:76)
	at com.netflix.discovery.shared.transport.decorator.EurekaHttpClientDecorator.register(EurekaHttpClientDecorator.java:56)
	at com.netflix.discovery.DiscoveryClient.register(DiscoveryClient.java:828)
	at com.netflix.discovery.InstanceInfoReplicator.run(InstanceInfoReplicator.java:125)
	at com.netflix.discovery.InstanceInfoReplicator$2.run(InstanceInfoReplicator.java:105)
	at java.base/java.util.concurrent.Executors$RunnableAdapter.call(Executors.java:572)
	at java.base/java.util.concurrent.FutureTask.run(FutureTask.java:317)
	at java.base/java.util.concurrent.ScheduledThreadPoolExecutor$ScheduledFutureTask.run(ScheduledThreadPoolExecutor.java:304)
	at java.base/java.util.concurrent.ThreadPoolExecutor.runWorker(ThreadPoolExecutor.java:1144)
	at java.base/java.util.concurrent.ThreadPoolExecutor$Worker.run(ThreadPoolExecutor.java:642)
	at java.base/java.lang.Thread.run(Thread.java:1583)
2025-04-26 01:20:16 [34m INFO[0;39m --- [USER-SERVICE] [tomcat-shutdown] o.s.b.w.e.tomcat.GracefulShutdown         - Graceful shutdown complete
2025-04-26 01:20:16 [34m INFO[0;39m --- [USER-SERVICE] [on(9)-127.0.0.1] o.a.coyote.http11.Http11NioProtocol       - Stopping ProtocolHandler ["http-nio-8082"]
2025-04-26 01:20:16 [34m INFO[0;39m --- [USER-SERVICE] [on(9)-127.0.0.1] .j.LocalContainerEntityManagerFactoryBean - Closing JPA EntityManagerFactory for persistence unit 'default'
2025-04-26 01:20:16 [34m INFO[0;39m --- [USER-SERVICE] [on(9)-127.0.0.1] com.zaxxer.hikari.HikariDataSource        - HikariPool-1 - Shutdown initiated...
2025-04-26 01:20:16 [34m INFO[0;39m --- [USER-SERVICE] [on(9)-127.0.0.1] com.zaxxer.hikari.HikariDataSource        - HikariPool-1 - Shutdown completed.
2025-04-26 01:20:16 [34m INFO[0;39m --- [USER-SERVICE] [on(9)-127.0.0.1] c.netflix.discovery.DiscoveryClient       - Shutting down DiscoveryClient ...
2025-04-26 01:20:19 [34m INFO[0;39m --- [USER-SERVICE] [on(9)-127.0.0.1] c.netflix.discovery.DiscoveryClient       - Unregistering ...
2025-04-26 01:20:19 [34m INFO[0;39m --- [USER-SERVICE] [on(9)-127.0.0.1] c.n.d.s.t.d.RedirectingEurekaHttpClient   - Request execution error. endpoint=DefaultEndpoint{ serviceUrl='http://localhost:8761/eureka/}, exception=I/O error on DELETE request for "http://localhost:8761/eureka/apps/USER-SERVICE/Mayank:USER-SERVICE:8082": Connect to http://localhost:8761 [localhost/127.0.0.1, localhost/0:0:0:0:0:0:0:1] failed: Connection refused: getsockopt stacktrace=org.springframework.web.client.ResourceAccessException: I/O error on DELETE request for "http://localhost:8761/eureka/apps/USER-SERVICE/Mayank:USER-SERVICE:8082": Connect to http://localhost:8761 [localhost/127.0.0.1, localhost/0:0:0:0:0:0:0:1] failed: Connection refused: getsockopt
	at org.springframework.web.client.RestTemplate.createResourceAccessException(RestTemplate.java:926)
	at org.springframework.web.client.RestTemplate.doExecute(RestTemplate.java:906)
	at org.springframework.web.client.RestTemplate.execute(RestTemplate.java:841)
	at org.springframework.web.client.RestTemplate.exchange(RestTemplate.java:702)
	at org.springframework.cloud.netflix.eureka.http.RestTemplateEurekaHttpClient.cancel(RestTemplateEurekaHttpClient.java:100)
	at com.netflix.discovery.shared.transport.decorator.EurekaHttpClientDecorator$2.execute(EurekaHttpClientDecorator.java:74)
	at com.netflix.discovery.shared.transport.decorator.RedirectingEurekaHttpClient.executeOnNewServer(RedirectingEurekaHttpClient.java:121)
	at com.netflix.discovery.shared.transport.decorator.RedirectingEurekaHttpClient.execute(RedirectingEurekaHttpClient.java:80)
	at com.netflix.discovery.shared.transport.decorator.EurekaHttpClientDecorator.cancel(EurekaHttpClientDecorator.java:71)
	at com.netflix.discovery.shared.transport.decorator.EurekaHttpClientDecorator$2.execute(EurekaHttpClientDecorator.java:74)
	at com.netflix.discovery.shared.transport.decorator.RetryableEurekaHttpClient.execute(RetryableEurekaHttpClient.java:120)
	at com.netflix.discovery.shared.transport.decorator.EurekaHttpClientDecorator.cancel(EurekaHttpClientDecorator.java:71)
	at com.netflix.discovery.shared.transport.decorator.EurekaHttpClientDecorator$2.execute(EurekaHttpClientDecorator.java:74)
	at com.netflix.discovery.shared.transport.decorator.SessionedEurekaHttpClient.execute(SessionedEurekaHttpClient.java:76)
	at com.netflix.discovery.shared.transport.decorator.EurekaHttpClientDecorator.cancel(EurekaHttpClientDecorator.java:71)
	at com.netflix.discovery.DiscoveryClient.unregister(DiscoveryClient.java:919)
	at com.netflix.discovery.DiscoveryClient.shutdown(DiscoveryClient.java:900)
	at java.base/jdk.internal.reflect.DirectMethodHandleAccessor.invoke(DirectMethodHandleAccessor.java:103)
	at java.base/java.lang.reflect.Method.invoke(Method.java:580)
	at org.springframework.beans.factory.annotation.InitDestroyAnnotationBeanPostProcessor$LifecycleMethod.invoke(InitDestroyAnnotationBeanPostProcessor.java:457)
	at org.springframework.beans.factory.annotation.InitDestroyAnnotationBeanPostProcessor$LifecycleMetadata.invokeDestroyMethods(InitDestroyAnnotationBeanPostProcessor.java:415)
	at org.springframework.beans.factory.annotation.InitDestroyAnnotationBeanPostProcessor.postProcessBeforeDestruction(InitDestroyAnnotationBeanPostProcessor.java:239)
	at org.springframework.beans.factory.support.DisposableBeanAdapter.destroy(DisposableBeanAdapter.java:202)
	at org.springframework.beans.factory.support.DisposableBeanAdapter.run(DisposableBeanAdapter.java:195)
	at org.springframework.cloud.context.scope.GenericScope$BeanLifecycleWrapper.destroy(GenericScope.java:389)
	at org.springframework.cloud.context.scope.GenericScope.destroy(GenericScope.java:136)
	at org.springframework.beans.factory.support.DisposableBeanAdapter.destroy(DisposableBeanAdapter.java:211)
	at org.springframework.beans.factory.support.DefaultSingletonBeanRegistry.destroyBean(DefaultSingletonBeanRegistry.java:745)
	at org.springframework.beans.factory.support.DefaultSingletonBeanRegistry.destroySingleton(DefaultSingletonBeanRegistry.java:702)
	at org.springframework.beans.factory.support.DefaultListableBeanFactory.destroySingleton(DefaultListableBeanFactory.java:1401)
	at org.springframework.beans.factory.support.DefaultSingletonBeanRegistry.destroySingletons(DefaultSingletonBeanRegistry.java:661)
	at org.springframework.beans.factory.support.DefaultListableBeanFactory.destroySingletons(DefaultListableBeanFactory.java:1394)
	at org.springframework.context.support.AbstractApplicationContext.destroyBeans(AbstractApplicationContext.java:1219)
	at org.springframework.context.support.AbstractApplicationContext.doClose(AbstractApplicationContext.java:1180)
	at org.springframework.boot.web.servlet.context.ServletWebServerApplicationContext.doClose(ServletWebServerApplicationContext.java:179)
	at org.springframework.context.support.AbstractApplicationContext.close(AbstractApplicationContext.java:1126)
	at org.springframework.boot.admin.SpringApplicationAdminMXBeanRegistrar$SpringApplicationAdmin.shutdown(SpringApplicationAdminMXBeanRegistrar.java:160)
	at java.base/jdk.internal.reflect.DirectMethodHandleAccessor.invoke(DirectMethodHandleAccessor.java:103)
	at java.base/java.lang.reflect.Method.invoke(Method.java:580)
	at sun.reflect.misc.Trampoline.invoke(MethodUtil.java:64)
	at java.base/jdk.internal.reflect.DirectMethodHandleAccessor.invoke(DirectMethodHandleAccessor.java:103)
	at java.base/java.lang.reflect.Method.invoke(Method.java:580)
	at java.base/sun.reflect.misc.MethodUtil.invoke(MethodUtil.java:97)
	at java.management/com.sun.jmx.mbeanserver.ConvertingMethod.invokeWithOpenReturn(ConvertingMethod.java:193)
	at java.management/com.sun.jmx.mbeanserver.ConvertingMethod.invokeWithOpenReturn(ConvertingMethod.java:175)
	at java.management/com.sun.jmx.mbeanserver.MXBeanIntrospector.invokeM2(MXBeanIntrospector.java:115)
	at java.management/com.sun.jmx.mbeanserver.MXBeanIntrospector.invokeM2(MXBeanIntrospector.java:52)
	at java.management/com.sun.jmx.mbeanserver.MBeanIntrospector.invokeM(MBeanIntrospector.java:236)
	at java.management/com.sun.jmx.mbeanserver.PerInterface.invoke(PerInterface.java:138)
	at java.management/com.sun.jmx.mbeanserver.MBeanSupport.invoke(MBeanSupport.java:252)
	at java.management/com.sun.jmx.interceptor.DefaultMBeanServerInterceptor.invoke(DefaultMBeanServerInterceptor.java:803)
	at java.management/com.sun.jmx.mbeanserver.JmxMBeanServer.invoke(JmxMBeanServer.java:802)
	at java.management.rmi/javax.management.remote.rmi.RMIConnectionImpl.doOperation(RMIConnectionImpl.java:1472)
	at java.management.rmi/javax.management.remote.rmi.RMIConnectionImpl$PrivilegedOperation.run(RMIConnectionImpl.java:1310)
	at java.management.rmi/javax.management.remote.rmi.RMIConnectionImpl.doPrivilegedOperation(RMIConnectionImpl.java:1405)
	at java.management.rmi/javax.management.remote.rmi.RMIConnectionImpl.invoke(RMIConnectionImpl.java:829)
	at java.base/jdk.internal.reflect.DirectMethodHandleAccessor.invoke(DirectMethodHandleAccessor.java:103)
	at java.base/java.lang.reflect.Method.invoke(Method.java:580)
	at java.rmi/sun.rmi.server.UnicastServerRef.dispatch(UnicastServerRef.java:360)
	at java.rmi/sun.rmi.transport.Transport$1.run(Transport.java:200)
	at java.rmi/sun.rmi.transport.Transport$1.run(Transport.java:197)
	at java.base/java.security.AccessController.doPrivileged(AccessController.java:714)
	at java.rmi/sun.rmi.transport.Transport.serviceCall(Transport.java:196)
	at java.rmi/sun.rmi.transport.tcp.TCPTransport.handleMessages(TCPTransport.java:598)
	at java.rmi/sun.rmi.transport.tcp.TCPTransport$ConnectionHandler.run0(TCPTransport.java:844)
	at java.rmi/sun.rmi.transport.tcp.TCPTransport$ConnectionHandler.lambda$run$0(TCPTransport.java:721)
	at java.base/java.security.AccessController.doPrivileged(AccessController.java:400)
	at java.rmi/sun.rmi.transport.tcp.TCPTransport$ConnectionHandler.run(TCPTransport.java:720)
	at java.base/java.util.concurrent.ThreadPoolExecutor.runWorker(ThreadPoolExecutor.java:1144)
	at java.base/java.util.concurrent.ThreadPoolExecutor$Worker.run(ThreadPoolExecutor.java:642)
	at java.base/java.lang.Thread.run(Thread.java:1583)
Caused by: org.apache.hc.client5.http.HttpHostConnectException: Connect to http://localhost:8761 [localhost/127.0.0.1, localhost/0:0:0:0:0:0:0:1] failed: Connection refused: getsockopt
	at java.base/sun.nio.ch.Net.pollConnect(Native Method)
	at java.base/sun.nio.ch.Net.pollConnectNow(Net.java:682)
	at java.base/sun.nio.ch.NioSocketImpl.timedFinishConnect(NioSocketImpl.java:542)
	at java.base/sun.nio.ch.NioSocketImpl.connect(NioSocketImpl.java:592)
	at java.base/java.net.SocksSocketImpl.connect(SocksSocketImpl.java:327)
	at java.base/java.net.Socket.connect(Socket.java:751)
	at org.apache.hc.client5.http.impl.io.DefaultHttpClientConnectionOperator.connect(DefaultHttpClientConnectionOperator.java:216)
	at org.apache.hc.client5.http.impl.io.PoolingHttpClientConnectionManager.connect(PoolingHttpClientConnectionManager.java:490)
	at org.apache.hc.client5.http.impl.classic.InternalExecRuntime.connectEndpoint(InternalExecRuntime.java:164)
	at org.apache.hc.client5.http.impl.classic.InternalExecRuntime.connectEndpoint(InternalExecRuntime.java:174)
	at org.apache.hc.client5.http.impl.classic.ConnectExec.execute(ConnectExec.java:144)
	at org.apache.hc.client5.http.impl.classic.ExecChainElement.execute(ExecChainElement.java:51)
	at org.apache.hc.client5.http.impl.classic.ProtocolExec.execute(ProtocolExec.java:192)
	at org.apache.hc.client5.http.impl.classic.ExecChainElement.execute(ExecChainElement.java:51)
	at org.apache.hc.client5.http.impl.classic.ContentCompressionExec.execute(ContentCompressionExec.java:150)
	at org.apache.hc.client5.http.impl.classic.ExecChainElement.execute(ExecChainElement.java:51)
	at org.apache.hc.client5.http.impl.classic.HttpRequestRetryExec.execute(HttpRequestRetryExec.java:113)
	at org.apache.hc.client5.http.impl.classic.ExecChainElement.execute(ExecChainElement.java:51)
	at org.apache.hc.client5.http.impl.classic.RedirectExec.execute(RedirectExec.java:110)
	at org.apache.hc.client5.http.impl.classic.ExecChainElement.execute(ExecChainElement.java:51)
	at org.apache.hc.client5.http.impl.classic.InternalHttpClient.doExecute(InternalHttpClient.java:174)
	at org.apache.hc.client5.http.impl.classic.CloseableHttpClient.execute(CloseableHttpClient.java:87)
	at org.apache.hc.client5.http.impl.classic.CloseableHttpClient.execute(CloseableHttpClient.java:55)
	at org.apache.hc.client5.http.classic.HttpClient.executeOpen(HttpClient.java:183)
	at org.springframework.http.client.HttpComponentsClientHttpRequest.executeInternal(HttpComponentsClientHttpRequest.java:99)
	at org.springframework.http.client.AbstractStreamingClientHttpRequest.executeInternal(AbstractStreamingClientHttpRequest.java:71)
	at org.springframework.http.client.AbstractClientHttpRequest.execute(AbstractClientHttpRequest.java:81)
	at org.springframework.http.client.InterceptingClientHttpRequest$InterceptingRequestExecution.execute(InterceptingClientHttpRequest.java:117)
	at org.springframework.cloud.netflix.eureka.http.RestTemplateTransportClientFactory.lambda$restTemplate$2(RestTemplateTransportClientFactory.java:145)
	at org.springframework.http.client.InterceptingClientHttpRequest$InterceptingRequestExecution.execute(InterceptingClientHttpRequest.java:88)
	at org.springframework.http.client.InterceptingClientHttpRequest.executeInternal(InterceptingClientHttpRequest.java:72)
	at org.springframework.http.client.AbstractBufferingClientHttpRequest.executeInternal(AbstractBufferingClientHttpRequest.java:48)
	at org.springframework.http.client.AbstractClientHttpRequest.execute(AbstractClientHttpRequest.java:81)
	at org.springframework.web.client.RestTemplate.doExecute(RestTemplate.java:900)
	... 69 more

2025-04-26 01:20:19 [31m WARN[0;39m --- [USER-SERVICE] [on(9)-127.0.0.1] c.n.d.s.t.d.RetryableEurekaHttpClient     - Request execution failed with message: I/O error on DELETE request for "http://localhost:8761/eureka/apps/USER-SERVICE/Mayank:USER-SERVICE:8082": Connect to http://localhost:8761 [localhost/127.0.0.1, localhost/0:0:0:0:0:0:0:1] failed: Connection refused: getsockopt
2025-04-26 01:20:19 [1;31mERROR[0;39m --- [USER-SERVICE] [on(9)-127.0.0.1] c.netflix.discovery.DiscoveryClient       - DiscoveryClient_USER-SERVICE/Mayank:USER-SERVICE:8082 - de-registration failedCannot execute request on any known server
com.netflix.discovery.shared.transport.TransportException: Cannot execute request on any known server
	at com.netflix.discovery.shared.transport.decorator.RetryableEurekaHttpClient.execute(RetryableEurekaHttpClient.java:112)
	at com.netflix.discovery.shared.transport.decorator.EurekaHttpClientDecorator.cancel(EurekaHttpClientDecorator.java:71)
	at com.netflix.discovery.shared.transport.decorator.EurekaHttpClientDecorator$2.execute(EurekaHttpClientDecorator.java:74)
	at com.netflix.discovery.shared.transport.decorator.SessionedEurekaHttpClient.execute(SessionedEurekaHttpClient.java:76)
	at com.netflix.discovery.shared.transport.decorator.EurekaHttpClientDecorator.cancel(EurekaHttpClientDecorator.java:71)
	at com.netflix.discovery.DiscoveryClient.unregister(DiscoveryClient.java:919)
	at com.netflix.discovery.DiscoveryClient.shutdown(DiscoveryClient.java:900)
	at java.base/jdk.internal.reflect.DirectMethodHandleAccessor.invoke(DirectMethodHandleAccessor.java:103)
	at java.base/java.lang.reflect.Method.invoke(Method.java:580)
	at org.springframework.beans.factory.annotation.InitDestroyAnnotationBeanPostProcessor$LifecycleMethod.invoke(InitDestroyAnnotationBeanPostProcessor.java:457)
	at org.springframework.beans.factory.annotation.InitDestroyAnnotationBeanPostProcessor$LifecycleMetadata.invokeDestroyMethods(InitDestroyAnnotationBeanPostProcessor.java:415)
	at org.springframework.beans.factory.annotation.InitDestroyAnnotationBeanPostProcessor.postProcessBeforeDestruction(InitDestroyAnnotationBeanPostProcessor.java:239)
	at org.springframework.beans.factory.support.DisposableBeanAdapter.destroy(DisposableBeanAdapter.java:202)
	at org.springframework.beans.factory.support.DisposableBeanAdapter.run(DisposableBeanAdapter.java:195)
	at org.springframework.cloud.context.scope.GenericScope$BeanLifecycleWrapper.destroy(GenericScope.java:389)
	at org.springframework.cloud.context.scope.GenericScope.destroy(GenericScope.java:136)
	at org.springframework.beans.factory.support.DisposableBeanAdapter.destroy(DisposableBeanAdapter.java:211)
	at org.springframework.beans.factory.support.DefaultSingletonBeanRegistry.destroyBean(DefaultSingletonBeanRegistry.java:745)
	at org.springframework.beans.factory.support.DefaultSingletonBeanRegistry.destroySingleton(DefaultSingletonBeanRegistry.java:702)
	at org.springframework.beans.factory.support.DefaultListableBeanFactory.destroySingleton(DefaultListableBeanFactory.java:1401)
	at org.springframework.beans.factory.support.DefaultSingletonBeanRegistry.destroySingletons(DefaultSingletonBeanRegistry.java:661)
	at org.springframework.beans.factory.support.DefaultListableBeanFactory.destroySingletons(DefaultListableBeanFactory.java:1394)
	at org.springframework.context.support.AbstractApplicationContext.destroyBeans(AbstractApplicationContext.java:1219)
	at org.springframework.context.support.AbstractApplicationContext.doClose(AbstractApplicationContext.java:1180)
	at org.springframework.boot.web.servlet.context.ServletWebServerApplicationContext.doClose(ServletWebServerApplicationContext.java:179)
	at org.springframework.context.support.AbstractApplicationContext.close(AbstractApplicationContext.java:1126)
	at org.springframework.boot.admin.SpringApplicationAdminMXBeanRegistrar$SpringApplicationAdmin.shutdown(SpringApplicationAdminMXBeanRegistrar.java:160)
	at java.base/jdk.internal.reflect.DirectMethodHandleAccessor.invoke(DirectMethodHandleAccessor.java:103)
	at java.base/java.lang.reflect.Method.invoke(Method.java:580)
	at sun.reflect.misc.Trampoline.invoke(MethodUtil.java:64)
	at java.base/jdk.internal.reflect.DirectMethodHandleAccessor.invoke(DirectMethodHandleAccessor.java:103)
	at java.base/java.lang.reflect.Method.invoke(Method.java:580)
	at java.base/sun.reflect.misc.MethodUtil.invoke(MethodUtil.java:97)
	at java.management/com.sun.jmx.mbeanserver.ConvertingMethod.invokeWithOpenReturn(ConvertingMethod.java:193)
	at java.management/com.sun.jmx.mbeanserver.ConvertingMethod.invokeWithOpenReturn(ConvertingMethod.java:175)
	at java.management/com.sun.jmx.mbeanserver.MXBeanIntrospector.invokeM2(MXBeanIntrospector.java:115)
	at java.management/com.sun.jmx.mbeanserver.MXBeanIntrospector.invokeM2(MXBeanIntrospector.java:52)
	at java.management/com.sun.jmx.mbeanserver.MBeanIntrospector.invokeM(MBeanIntrospector.java:236)
	at java.management/com.sun.jmx.mbeanserver.PerInterface.invoke(PerInterface.java:138)
	at java.management/com.sun.jmx.mbeanserver.MBeanSupport.invoke(MBeanSupport.java:252)
	at java.management/com.sun.jmx.interceptor.DefaultMBeanServerInterceptor.invoke(DefaultMBeanServerInterceptor.java:803)
	at java.management/com.sun.jmx.mbeanserver.JmxMBeanServer.invoke(JmxMBeanServer.java:802)
	at java.management.rmi/javax.management.remote.rmi.RMIConnectionImpl.doOperation(RMIConnectionImpl.java:1472)
	at java.management.rmi/javax.management.remote.rmi.RMIConnectionImpl$PrivilegedOperation.run(RMIConnectionImpl.java:1310)
	at java.management.rmi/javax.management.remote.rmi.RMIConnectionImpl.doPrivilegedOperation(RMIConnectionImpl.java:1405)
	at java.management.rmi/javax.management.remote.rmi.RMIConnectionImpl.invoke(RMIConnectionImpl.java:829)
	at java.base/jdk.internal.reflect.DirectMethodHandleAccessor.invoke(DirectMethodHandleAccessor.java:103)
	at java.base/java.lang.reflect.Method.invoke(Method.java:580)
	at java.rmi/sun.rmi.server.UnicastServerRef.dispatch(UnicastServerRef.java:360)
	at java.rmi/sun.rmi.transport.Transport$1.run(Transport.java:200)
	at java.rmi/sun.rmi.transport.Transport$1.run(Transport.java:197)
	at java.base/java.security.AccessController.doPrivileged(AccessController.java:714)
	at java.rmi/sun.rmi.transport.Transport.serviceCall(Transport.java:196)
	at java.rmi/sun.rmi.transport.tcp.TCPTransport.handleMessages(TCPTransport.java:598)
	at java.rmi/sun.rmi.transport.tcp.TCPTransport$ConnectionHandler.run0(TCPTransport.java:844)
	at java.rmi/sun.rmi.transport.tcp.TCPTransport$ConnectionHandler.lambda$run$0(TCPTransport.java:721)
	at java.base/java.security.AccessController.doPrivileged(AccessController.java:400)
	at java.rmi/sun.rmi.transport.tcp.TCPTransport$ConnectionHandler.run(TCPTransport.java:720)
	at java.base/java.util.concurrent.ThreadPoolExecutor.runWorker(ThreadPoolExecutor.java:1144)
	at java.base/java.util.concurrent.ThreadPoolExecutor$Worker.run(ThreadPoolExecutor.java:642)
	at java.base/java.lang.Thread.run(Thread.java:1583)
2025-04-26 01:20:19 [34m INFO[0;39m --- [USER-SERVICE] [on(9)-127.0.0.1] c.netflix.discovery.DiscoveryClient       - Completed shut down of DiscoveryClient
