2025-04-26 01:11:22 [34m INFO[0;39m --- [USER-SERVICE] [           main] com.user.UserServiceApplication           - Starting UserServiceApplication using Java 21.0.6 with PID 8520 (C:\Users\Hp\Desktop\Case Study\RMS\UserService\target\classes started by Hp in C:\Users\Hp\Desktop\Case Study\RMS\UserService)
2025-04-26 01:11:22 [34m INFO[0;39m --- [USER-SERVICE] [           main] com.user.UserServiceApplication           - No active profile set, falling back to 1 default profile: "default"
2025-04-26 01:11:23 [34m INFO[0;39m --- [USER-SERVICE] [           main] o.s.d.r.c.RepositoryConfigurationDelegate - Bootstrapping Spring Data JPA repositories in DEFAULT mode.
2025-04-26 01:11:23 [34m INFO[0;39m --- [USER-SERVICE] [           main] o.s.d.r.c.RepositoryConfigurationDelegate - Finished Spring Data repository scanning in 115 ms. Found 1 JPA repository interface.
2025-04-26 01:11:23 [34m INFO[0;39m --- [USER-SERVICE] [           main] o.s.cloud.context.scope.GenericScope      - BeanFactory id=e0f64035-ae74-351a-bb5c-d1c609214295
2025-04-26 01:11:23 [34m INFO[0;39m --- [USER-SERVICE] [           main] o.s.b.w.e.tomcat.TomcatWebServer          - Tomcat initialized with port 8082 (http)
2025-04-26 01:11:24 [34m INFO[0;39m --- [USER-SERVICE] [           main] o.a.coyote.http11.Http11NioProtocol       - Initializing ProtocolHandler ["http-nio-8082"]
2025-04-26 01:11:24 [34m INFO[0;39m --- [USER-SERVICE] [           main] o.a.catalina.core.StandardService         - Starting service [Tomcat]
2025-04-26 01:11:24 [34m INFO[0;39m --- [USER-SERVICE] [           main] o.a.catalina.core.StandardEngine          - Starting Servlet engine: [Apache Tomcat/10.1.39]
2025-04-26 01:11:24 [34m INFO[0;39m --- [USER-SERVICE] [           main] o.a.c.c.C.[Tomcat].[localhost].[/]        - Initializing Spring embedded WebApplicationContext
2025-04-26 01:11:24 [34m INFO[0;39m --- [USER-SERVICE] [           main] .w.s.c.ServletWebServerApplicationContext - Root WebApplicationContext: initialization completed in 1400 ms
2025-04-26 01:11:24 [34m INFO[0;39m --- [USER-SERVICE] [           main] o.h.jpa.internal.util.LogHelper           - HHH000204: Processing PersistenceUnitInfo [name: default]
2025-04-26 01:11:24 [34m INFO[0;39m --- [USER-SERVICE] [           main] org.hibernate.Version                     - HHH000412: Hibernate ORM core version 6.6.11.Final
2025-04-26 01:11:24 [34m INFO[0;39m --- [USER-SERVICE] [           main] o.h.c.i.RegionFactoryInitiator            - HHH000026: Second-level cache disabled
2025-04-26 01:11:24 [34m INFO[0;39m --- [USER-SERVICE] [           main] o.s.o.j.p.SpringPersistenceUnitInfo       - No LoadTimeWeaver setup: ignoring JPA class transformer
2025-04-26 01:11:24 [34m INFO[0;39m --- [USER-SERVICE] [           main] com.zaxxer.hikari.HikariDataSource        - HikariPool-1 - Starting...
2025-04-26 01:11:24 [34m INFO[0;39m --- [USER-SERVICE] [           main] com.zaxxer.hikari.pool.HikariPool         - HikariPool-1 - Added connection com.mysql.cj.jdbc.ConnectionImpl@64a7ad02
2025-04-26 01:11:24 [34m INFO[0;39m --- [USER-SERVICE] [           main] com.zaxxer.hikari.HikariDataSource        - HikariPool-1 - Start completed.
2025-04-26 01:11:24 [34m INFO[0;39m --- [USER-SERVICE] [           main] o.hibernate.orm.connections.pooling       - HHH10001005: Database info:
	Database JDBC URL [Connecting through datasource 'HikariDataSource (HikariPool-1)']
	Database driver: undefined/unknown
	Database version: 8.0.41
	Autocommit mode: undefined/unknown
	Isolation level: undefined/unknown
	Minimum pool size: undefined/unknown
	Maximum pool size: undefined/unknown
2025-04-26 01:11:25 [34m INFO[0;39m --- [USER-SERVICE] [           main] o.h.e.t.j.p.i.JtaPlatformInitiator        - HHH000489: No JTA platform available (set 'hibernate.transaction.jta.platform' to enable JTA platform integration)
2025-04-26 01:11:25 [34m INFO[0;39m --- [USER-SERVICE] [           main] .j.LocalContainerEntityManagerFactoryBean - Initialized JPA EntityManagerFactory for persistence unit 'default'
2025-04-26 01:11:25 [31m WARN[0;39m --- [USER-SERVICE] [           main] .JpaBaseConfiguration$JpaWebConfiguration - spring.jpa.open-in-view is enabled by default. Therefore, database queries may be performed during view rendering. Explicitly configure spring.jpa.open-in-view to disable this warning
2025-04-26 01:11:26 [34m INFO[0;39m --- [USER-SERVICE] [           main] .DiscoveryClientOptionalArgsConfiguration - Eureka HTTP Client uses RestTemplate.
2025-04-26 01:11:26 [31m WARN[0;39m --- [USER-SERVICE] [           main] figuration$LoadBalancerCaffeineWarnLogger - Spring Cloud LoadBalancer is currently working with the default cache. While this cache implementation is useful for development and tests, it's recommended to use Caffeine cache in production.You can switch to using Caffeine cache, by adding it and org.springframework.cache.caffeine.CaffeineCacheManager to the classpath.
2025-04-26 01:11:26 [34m INFO[0;39m --- [USER-SERVICE] [           main] o.s.c.n.eureka.InstanceInfoFactory        - Setting initial instance status as: STARTING
2025-04-26 01:11:26 [34m INFO[0;39m --- [USER-SERVICE] [           main] c.netflix.discovery.DiscoveryClient       - Initializing Eureka in region us-east-1
2025-04-26 01:11:26 [34m INFO[0;39m --- [USER-SERVICE] [           main] c.n.d.s.r.aws.ConfigClusterResolver       - Resolving eureka endpoints via configuration
2025-04-26 01:11:26 [34m INFO[0;39m --- [USER-SERVICE] [           main] c.netflix.discovery.DiscoveryClient       - Disable delta property : false
2025-04-26 01:11:26 [34m INFO[0;39m --- [USER-SERVICE] [           main] c.netflix.discovery.DiscoveryClient       - Single vip registry refresh property : null
2025-04-26 01:11:26 [34m INFO[0;39m --- [USER-SERVICE] [           main] c.netflix.discovery.DiscoveryClient       - Force full registry fetch : false
2025-04-26 01:11:26 [34m INFO[0;39m --- [USER-SERVICE] [           main] c.netflix.discovery.DiscoveryClient       - Application is null : false
2025-04-26 01:11:26 [34m INFO[0;39m --- [USER-SERVICE] [           main] c.netflix.discovery.DiscoveryClient       - Registered Applications size is zero : true
2025-04-26 01:11:26 [34m INFO[0;39m --- [USER-SERVICE] [           main] c.netflix.discovery.DiscoveryClient       - Application version is -1: true
2025-04-26 01:11:26 [34m INFO[0;39m --- [USER-SERVICE] [           main] c.netflix.discovery.DiscoveryClient       - Getting all instance registry info from the eureka server
2025-04-26 01:11:27 [34m INFO[0;39m --- [USER-SERVICE] [           main] c.netflix.discovery.DiscoveryClient       - The response status is 200
2025-04-26 01:11:27 [34m INFO[0;39m --- [USER-SERVICE] [           main] c.netflix.discovery.DiscoveryClient       - Starting heartbeat executor: renew interval is: 30
2025-04-26 01:11:27 [34m INFO[0;39m --- [USER-SERVICE] [           main] c.n.discovery.InstanceInfoReplicator      - InstanceInfoReplicator onDemand update allowed rate per min is 4
2025-04-26 01:11:27 [34m INFO[0;39m --- [USER-SERVICE] [           main] c.netflix.discovery.DiscoveryClient       - Discovery Client initialized at timestamp 1745610087186 with initial instances count: 3
2025-04-26 01:11:27 [34m INFO[0;39m --- [USER-SERVICE] [           main] o.s.c.n.e.s.EurekaServiceRegistry         - Registering application USER-SERVICE with eureka with status UP
2025-04-26 01:11:27 [34m INFO[0;39m --- [USER-SERVICE] [           main] c.netflix.discovery.DiscoveryClient       - Saw local status change event StatusChangeEvent [timestamp=1745610087197, current=UP, previous=STARTING]
2025-04-26 01:11:27 [34m INFO[0;39m --- [USER-SERVICE] [           main] o.a.coyote.http11.Http11NioProtocol       - Starting ProtocolHandler ["http-nio-8082"]
2025-04-26 01:11:27 [34m INFO[0;39m --- [USER-SERVICE] [foReplicator-%d] c.netflix.discovery.DiscoveryClient       - DiscoveryClient_USER-SERVICE/Mayank:USER-SERVICE:8082: registering service...
2025-04-26 01:11:27 [34m INFO[0;39m --- [USER-SERVICE] [           main] o.s.b.w.e.tomcat.TomcatWebServer          - Tomcat started on port 8082 (http) with context path '/'
2025-04-26 01:11:27 [34m INFO[0;39m --- [USER-SERVICE] [           main] o.s.c.n.e.s.EurekaAutoServiceRegistration - Updating port to 8082
2025-04-26 01:11:27 [34m INFO[0;39m --- [USER-SERVICE] [           main] com.user.UserServiceApplication           - Started UserServiceApplication in 4.86 seconds (process running for 5.584)
2025-04-26 01:11:27 [34m INFO[0;39m --- [USER-SERVICE] [foReplicator-%d] c.netflix.discovery.DiscoveryClient       - DiscoveryClient_USER-SERVICE/Mayank:USER-SERVICE:8082 - registration status: 204
2025-04-26 01:11:56 [34m INFO[0;39m --- [USER-SERVICE] [nio-8082-exec-1] o.a.c.c.C.[Tomcat].[localhost].[/]        - Initializing Spring DispatcherServlet 'dispatcherServlet'
2025-04-26 01:11:56 [34m INFO[0;39m --- [USER-SERVICE] [nio-8082-exec-1] o.s.web.servlet.DispatcherServlet         - Initializing Servlet 'dispatcherServlet'
2025-04-26 01:11:56 [34m INFO[0;39m --- [USER-SERVICE] [nio-8082-exec-1] o.s.web.servlet.DispatcherServlet         - Completed initialization in 0 ms
2025-04-26 01:11:57 [34m INFO[0;39m --- [USER-SERVICE] [nio-8082-exec-1] c.user.aspect.ControllerLoggerAspect      - [Controller]  ➡️ UserController.getCurrentUser() with arguments: []
2025-04-26 01:11:57 [34m INFO[0;39m --- [USER-SERVICE] [nio-8082-exec-1] com.user.aspect.ServiceLoggerAspect       - [Service]     ➡️ UserServiceImpl.getCurrentUser() with arguments: []
2025-04-26 01:11:57 [34m INFO[0;39m --- [USER-SERVICE] [nio-8082-exec-1] com.user.aspect.ServiceLoggerAspect       - [Service]     ✅ UserServiceImpl.getCurrentUser() with result: User [id=6, username=mayur4, fullName=null, email=null, phoneNumber=null, roles=[USER], createdAt=2025-04-23T22:46:44.293703, updatedAt=2025-04-23T22:46:44.293703]
2025-04-26 01:11:57 [34m INFO[0;39m --- [USER-SERVICE] [nio-8082-exec-1] com.user.aspect.ServiceLoggerAspect       - [Service]     ⏱️ UserServiceImpl.getCurrentUser() executed in 110 ms
2025-04-26 01:11:57 [34m INFO[0;39m --- [USER-SERVICE] [nio-8082-exec-1] c.user.aspect.ControllerLoggerAspect      - [Controller]  ✅ UserController.getCurrentUser() with result: <200 OK OK,User [id=6, username=mayur4, fullName=null, email=null, phoneNumber=null, roles=[USER], createdAt=2025-04-23T22:46:44.293703, updatedAt=2025-04-23T22:46:44.293703],[]>
2025-04-26 01:11:57 [34m INFO[0;39m --- [USER-SERVICE] [nio-8082-exec-1] c.user.aspect.ControllerLoggerAspect      - [Controller]  ⏱️ UserController.getCurrentUser() executed in 113 ms
2025-04-26 01:12:20 [34m INFO[0;39m --- [USER-SERVICE] [nio-8082-exec-3] c.user.aspect.ControllerLoggerAspect      - [Controller]  ➡️ UserController.getUserBookings() with arguments: []
2025-04-26 01:12:20 [34m INFO[0;39m --- [USER-SERVICE] [nio-8082-exec-3] com.user.aspect.ServiceLoggerAspect       - [Service]     ➡️ UserServiceImpl.getBookingsByUserId() with arguments: []
2025-04-26 01:12:20 [34m INFO[0;39m --- [USER-SERVICE] [nio-8082-exec-3] com.user.aspect.ServiceLoggerAspect       - [Service]     ✅ UserServiceImpl.getBookingsByUserId() with result: []
2025-04-26 01:12:20 [34m INFO[0;39m --- [USER-SERVICE] [nio-8082-exec-3] com.user.aspect.ServiceLoggerAspect       - [Service]     ⏱️ UserServiceImpl.getBookingsByUserId() executed in 407 ms
2025-04-26 01:12:20 [34m INFO[0;39m --- [USER-SERVICE] [nio-8082-exec-3] c.user.aspect.ControllerLoggerAspect      - [Controller]  ✅ UserController.getUserBookings() with result: <200 OK OK,[],[]>
2025-04-26 01:12:20 [34m INFO[0;39m --- [USER-SERVICE] [nio-8082-exec-3] c.user.aspect.ControllerLoggerAspect      - [Controller]  ⏱️ UserController.getUserBookings() executed in 408 ms
2025-04-26 01:12:37 [34m INFO[0;39m --- [USER-SERVICE] [nio-8082-exec-4] c.user.aspect.ControllerLoggerAspect      - [Controller]  ➡️ UserController.getUserBookings() with arguments: []
2025-04-26 01:12:37 [34m INFO[0;39m --- [USER-SERVICE] [nio-8082-exec-4] com.user.aspect.ServiceLoggerAspect       - [Service]     ➡️ UserServiceImpl.getBookingsByUserId() with arguments: []
2025-04-26 01:12:37 [34m INFO[0;39m --- [USER-SERVICE] [nio-8082-exec-4] com.user.aspect.ServiceLoggerAspect       - [Service]     ✅ UserServiceImpl.getBookingsByUserId() with result: []
2025-04-26 01:12:37 [34m INFO[0;39m --- [USER-SERVICE] [nio-8082-exec-4] com.user.aspect.ServiceLoggerAspect       - [Service]     ⏱️ UserServiceImpl.getBookingsByUserId() executed in 14 ms
2025-04-26 01:12:37 [34m INFO[0;39m --- [USER-SERVICE] [nio-8082-exec-4] c.user.aspect.ControllerLoggerAspect      - [Controller]  ✅ UserController.getUserBookings() with result: <200 OK OK,[],[]>
2025-04-26 01:12:37 [34m INFO[0;39m --- [USER-SERVICE] [nio-8082-exec-4] c.user.aspect.ControllerLoggerAspect      - [Controller]  ⏱️ UserController.getUserBookings() executed in 16 ms
2025-04-26 01:12:53 [34m INFO[0;39m --- [USER-SERVICE] [on(5)-127.0.0.1] minMXBeanRegistrar$SpringApplicationAdmin - Application shutdown requested.
2025-04-26 01:12:53 [34m INFO[0;39m --- [USER-SERVICE] [on(5)-127.0.0.1] o.s.c.n.e.s.EurekaServiceRegistry         - Unregistering application USER-SERVICE with eureka with status DOWN
2025-04-26 01:12:53 [34m INFO[0;39m --- [USER-SERVICE] [on(5)-127.0.0.1] c.netflix.discovery.DiscoveryClient       - Saw local status change event StatusChangeEvent [timestamp=1745610173880, current=DOWN, previous=UP]
2025-04-26 01:12:53 [34m INFO[0;39m --- [USER-SERVICE] [foReplicator-%d] c.netflix.discovery.DiscoveryClient       - DiscoveryClient_USER-SERVICE/Mayank:USER-SERVICE:8082: registering service...
2025-04-26 01:12:53 [34m INFO[0;39m --- [USER-SERVICE] [on(5)-127.0.0.1] o.s.b.w.e.tomcat.GracefulShutdown         - Commencing graceful shutdown. Waiting for active requests to complete
2025-04-26 01:12:53 [34m INFO[0;39m --- [USER-SERVICE] [tomcat-shutdown] o.a.coyote.http11.Http11NioProtocol       - Pausing ProtocolHandler ["http-nio-8082"]
2025-04-26 01:12:53 [34m INFO[0;39m --- [USER-SERVICE] [foReplicator-%d] c.netflix.discovery.DiscoveryClient       - DiscoveryClient_USER-SERVICE/Mayank:USER-SERVICE:8082 - registration status: 204
2025-04-26 01:12:53 [34m INFO[0;39m --- [USER-SERVICE] [tomcat-shutdown] o.s.b.w.e.tomcat.GracefulShutdown         - Graceful shutdown complete
2025-04-26 01:12:53 [34m INFO[0;39m --- [USER-SERVICE] [on(5)-127.0.0.1] o.a.coyote.http11.Http11NioProtocol       - Stopping ProtocolHandler ["http-nio-8082"]
2025-04-26 01:12:53 [34m INFO[0;39m --- [USER-SERVICE] [on(5)-127.0.0.1] .j.LocalContainerEntityManagerFactoryBean - Closing JPA EntityManagerFactory for persistence unit 'default'
2025-04-26 01:12:53 [34m INFO[0;39m --- [USER-SERVICE] [on(5)-127.0.0.1] com.zaxxer.hikari.HikariDataSource        - HikariPool-1 - Shutdown initiated...
2025-04-26 01:12:53 [34m INFO[0;39m --- [USER-SERVICE] [on(5)-127.0.0.1] com.zaxxer.hikari.HikariDataSource        - HikariPool-1 - Shutdown completed.
2025-04-26 01:12:53 [34m INFO[0;39m --- [USER-SERVICE] [on(5)-127.0.0.1] c.netflix.discovery.DiscoveryClient       - Shutting down DiscoveryClient ...
2025-04-26 01:12:56 [34m INFO[0;39m --- [USER-SERVICE] [on(5)-127.0.0.1] c.netflix.discovery.DiscoveryClient       - Unregistering ...
2025-04-26 01:12:56 [34m INFO[0;39m --- [USER-SERVICE] [on(5)-127.0.0.1] c.netflix.discovery.DiscoveryClient       - DiscoveryClient_USER-SERVICE/Mayank:USER-SERVICE:8082 - deregister  status: 200
2025-04-26 01:12:56 [34m INFO[0;39m --- [USER-SERVICE] [on(5)-127.0.0.1] c.netflix.discovery.DiscoveryClient       - Completed shut down of DiscoveryClient
