2025-04-29 00:35:51 [34m INFO[0;39m --- [TRAIN-SERVICE] [           main] com.train.TrainService1Application        - Starting TrainService1Application using Java 21.0.6 with PID 20416 (C:\Users\Hp\Desktop\Case Study\RMS\TrainService\target\classes started by Hp in C:\Users\Hp\Desktop\Case Study\RMS\TrainService)
2025-04-29 00:35:51 [34m INFO[0;39m --- [TRAIN-SERVICE] [           main] com.train.TrainService1Application        - No active profile set, falling back to 1 default profile: "default"
2025-04-29 00:35:52 [34m INFO[0;39m --- [TRAIN-SERVICE] [           main] o.s.d.r.c.RepositoryConfigurationDelegate - Bootstrapping Spring Data JPA repositories in DEFAULT mode.
2025-04-29 00:35:52 [34m INFO[0;39m --- [TRAIN-SERVICE] [           main] o.s.d.r.c.RepositoryConfigurationDelegate - Finished Spring Data repository scanning in 115 ms. Found 1 JPA repository interface.
2025-04-29 00:35:52 [34m INFO[0;39m --- [TRAIN-SERVICE] [           main] o.s.cloud.context.scope.GenericScope      - BeanFactory id=0fc5400d-8fe1-3119-9883-4cc390095e63
2025-04-29 00:35:52 [34m INFO[0;39m --- [TRAIN-SERVICE] [           main] o.s.b.w.e.tomcat.TomcatWebServer          - Tomcat initialized with port 8083 (http)
2025-04-29 00:35:52 [34m INFO[0;39m --- [TRAIN-SERVICE] [           main] o.a.coyote.http11.Http11NioProtocol       - Initializing ProtocolHandler ["http-nio-8083"]
2025-04-29 00:35:52 [34m INFO[0;39m --- [TRAIN-SERVICE] [           main] o.a.catalina.core.StandardService         - Starting service [Tomcat]
2025-04-29 00:35:52 [34m INFO[0;39m --- [TRAIN-SERVICE] [           main] o.a.catalina.core.StandardEngine          - Starting Servlet engine: [Apache Tomcat/10.1.39]
2025-04-29 00:35:52 [34m INFO[0;39m --- [TRAIN-SERVICE] [           main] o.a.c.c.C.[Tomcat].[localhost].[/]        - Initializing Spring embedded WebApplicationContext
2025-04-29 00:35:52 [34m INFO[0;39m --- [TRAIN-SERVICE] [           main] .w.s.c.ServletWebServerApplicationContext - Root WebApplicationContext: initialization completed in 1272 ms
2025-04-29 00:35:53 [34m INFO[0;39m --- [TRAIN-SERVICE] [           main] o.h.jpa.internal.util.LogHelper           - HHH000204: Processing PersistenceUnitInfo [name: default]
2025-04-29 00:35:53 [34m INFO[0;39m --- [TRAIN-SERVICE] [           main] org.hibernate.Version                     - HHH000412: Hibernate ORM core version 6.6.11.Final
2025-04-29 00:35:53 [34m INFO[0;39m --- [TRAIN-SERVICE] [           main] o.h.c.i.RegionFactoryInitiator            - HHH000026: Second-level cache disabled
2025-04-29 00:35:53 [34m INFO[0;39m --- [TRAIN-SERVICE] [           main] o.s.o.j.p.SpringPersistenceUnitInfo       - No LoadTimeWeaver setup: ignoring JPA class transformer
2025-04-29 00:35:53 [34m INFO[0;39m --- [TRAIN-SERVICE] [           main] com.zaxxer.hikari.HikariDataSource        - HikariPool-1 - Starting...
2025-04-29 00:35:53 [34m INFO[0;39m --- [TRAIN-SERVICE] [           main] com.zaxxer.hikari.pool.HikariPool         - HikariPool-1 - Added connection com.mysql.cj.jdbc.ConnectionImpl@5f32ab17
2025-04-29 00:35:53 [34m INFO[0;39m --- [TRAIN-SERVICE] [           main] com.zaxxer.hikari.HikariDataSource        - HikariPool-1 - Start completed.
2025-04-29 00:35:53 [34m INFO[0;39m --- [TRAIN-SERVICE] [           main] o.hibernate.orm.connections.pooling       - HHH10001005: Database info:
	Database JDBC URL [Connecting through datasource 'HikariDataSource (HikariPool-1)']
	Database driver: undefined/unknown
	Database version: 8.0.41
	Autocommit mode: undefined/unknown
	Isolation level: undefined/unknown
	Minimum pool size: undefined/unknown
	Maximum pool size: undefined/unknown
2025-04-29 00:35:54 [34m INFO[0;39m --- [TRAIN-SERVICE] [           main] o.h.e.t.j.p.i.JtaPlatformInitiator        - HHH000489: No JTA platform available (set 'hibernate.transaction.jta.platform' to enable JTA platform integration)
2025-04-29 00:35:54 [34m INFO[0;39m --- [TRAIN-SERVICE] [           main] .j.LocalContainerEntityManagerFactoryBean - Initialized JPA EntityManagerFactory for persistence unit 'default'
2025-04-29 00:35:54 [34m INFO[0;39m --- [TRAIN-SERVICE] [           main] o.s.d.j.r.query.QueryEnhancerFactory      - Hibernate is in classpath; If applicable, HQL parser will be used.
2025-04-29 00:35:55 [31m WARN[0;39m --- [TRAIN-SERVICE] [           main] .JpaBaseConfiguration$JpaWebConfiguration - spring.jpa.open-in-view is enabled by default. Therefore, database queries may be performed during view rendering. Explicitly configure spring.jpa.open-in-view to disable this warning
2025-04-29 00:35:55 [34m INFO[0;39m --- [TRAIN-SERVICE] [           main] o.s.v.b.OptionalValidatorFactoryBean      - Failed to set up a Bean Validation provider: jakarta.validation.NoProviderFoundException: Unable to create a Configuration, because no Jakarta Validation provider could be found. Add a provider like Hibernate Validator (RI) to your classpath.
2025-04-29 00:35:56 [34m INFO[0;39m --- [TRAIN-SERVICE] [           main] .DiscoveryClientOptionalArgsConfiguration - Eureka HTTP Client uses RestTemplate.
2025-04-29 00:35:56 [31m WARN[0;39m --- [TRAIN-SERVICE] [           main] figuration$LoadBalancerCaffeineWarnLogger - Spring Cloud LoadBalancer is currently working with the default cache. While this cache implementation is useful for development and tests, it's recommended to use Caffeine cache in production.You can switch to using Caffeine cache, by adding it and org.springframework.cache.caffeine.CaffeineCacheManager to the classpath.
2025-04-29 00:35:56 [34m INFO[0;39m --- [TRAIN-SERVICE] [           main] o.s.c.n.eureka.InstanceInfoFactory        - Setting initial instance status as: STARTING
2025-04-29 00:35:56 [34m INFO[0;39m --- [TRAIN-SERVICE] [           main] c.netflix.discovery.DiscoveryClient       - Initializing Eureka in region us-east-1
2025-04-29 00:35:56 [34m INFO[0;39m --- [TRAIN-SERVICE] [           main] c.n.d.s.r.aws.ConfigClusterResolver       - Resolving eureka endpoints via configuration
2025-04-29 00:35:56 [34m INFO[0;39m --- [TRAIN-SERVICE] [           main] c.netflix.discovery.DiscoveryClient       - Disable delta property : false
2025-04-29 00:35:56 [34m INFO[0;39m --- [TRAIN-SERVICE] [           main] c.netflix.discovery.DiscoveryClient       - Single vip registry refresh property : null
2025-04-29 00:35:56 [34m INFO[0;39m --- [TRAIN-SERVICE] [           main] c.netflix.discovery.DiscoveryClient       - Force full registry fetch : false
2025-04-29 00:35:56 [34m INFO[0;39m --- [TRAIN-SERVICE] [           main] c.netflix.discovery.DiscoveryClient       - Application is null : false
2025-04-29 00:35:56 [34m INFO[0;39m --- [TRAIN-SERVICE] [           main] c.netflix.discovery.DiscoveryClient       - Registered Applications size is zero : true
2025-04-29 00:35:56 [34m INFO[0;39m --- [TRAIN-SERVICE] [           main] c.netflix.discovery.DiscoveryClient       - Application version is -1: true
2025-04-29 00:35:56 [34m INFO[0;39m --- [TRAIN-SERVICE] [           main] c.netflix.discovery.DiscoveryClient       - Getting all instance registry info from the eureka server
2025-04-29 00:35:56 [34m INFO[0;39m --- [TRAIN-SERVICE] [           main] c.netflix.discovery.DiscoveryClient       - The response status is 200
2025-04-29 00:35:56 [34m INFO[0;39m --- [TRAIN-SERVICE] [           main] c.netflix.discovery.DiscoveryClient       - Starting heartbeat executor: renew interval is: 30
2025-04-29 00:35:56 [34m INFO[0;39m --- [TRAIN-SERVICE] [           main] c.n.discovery.InstanceInfoReplicator      - InstanceInfoReplicator onDemand update allowed rate per min is 4
2025-04-29 00:35:56 [34m INFO[0;39m --- [TRAIN-SERVICE] [           main] c.netflix.discovery.DiscoveryClient       - Discovery Client initialized at timestamp 1745867156561 with initial instances count: 2
2025-04-29 00:35:56 [34m INFO[0;39m --- [TRAIN-SERVICE] [           main] o.s.c.n.e.s.EurekaServiceRegistry         - Registering application TRAIN-SERVICE with eureka with status UP
2025-04-29 00:35:56 [34m INFO[0;39m --- [TRAIN-SERVICE] [           main] c.netflix.discovery.DiscoveryClient       - Saw local status change event StatusChangeEvent [timestamp=1745867156569, current=UP, previous=STARTING]
2025-04-29 00:35:56 [34m INFO[0;39m --- [TRAIN-SERVICE] [           main] o.a.coyote.http11.Http11NioProtocol       - Starting ProtocolHandler ["http-nio-8083"]
2025-04-29 00:35:56 [34m INFO[0;39m --- [TRAIN-SERVICE] [foReplicator-%d] c.netflix.discovery.DiscoveryClient       - DiscoveryClient_TRAIN-SERVICE/Mayank:TRAIN-SERVICE:8083: registering service...
2025-04-29 00:35:56 [34m INFO[0;39m --- [TRAIN-SERVICE] [           main] o.s.b.w.e.tomcat.TomcatWebServer          - Tomcat started on port 8083 (http) with context path '/'
2025-04-29 00:35:56 [34m INFO[0;39m --- [TRAIN-SERVICE] [           main] o.s.c.n.e.s.EurekaAutoServiceRegistration - Updating port to 8083
2025-04-29 00:35:56 [34m INFO[0;39m --- [TRAIN-SERVICE] [           main] com.train.TrainService1Application        - Started TrainService1Application in 5.236 seconds (process running for 5.949)
2025-04-29 00:35:56 [34m INFO[0;39m --- [TRAIN-SERVICE] [foReplicator-%d] c.netflix.discovery.DiscoveryClient       - DiscoveryClient_TRAIN-SERVICE/Mayank:TRAIN-SERVICE:8083 - registration status: 204
2025-04-29 00:36:16 [34m INFO[0;39m --- [TRAIN-SERVICE] [nio-8083-exec-1] o.a.c.c.C.[Tomcat].[localhost].[/]        - Initializing Spring DispatcherServlet 'dispatcherServlet'
2025-04-29 00:36:16 [34m INFO[0;39m --- [TRAIN-SERVICE] [nio-8083-exec-1] o.s.web.servlet.DispatcherServlet         - Initializing Servlet 'dispatcherServlet'
2025-04-29 00:36:16 [34m INFO[0;39m --- [TRAIN-SERVICE] [nio-8083-exec-1] o.s.web.servlet.DispatcherServlet         - Completed initialization in 1 ms
2025-04-29 00:36:16 [34m INFO[0;39m --- [TRAIN-SERVICE] [nio-8083-exec-1] c.t.aspect.ControllerLoggerAspect         - [Controller]  ➡️ TrainController.updateTrainSource(..) with arguments: [801, NAGPUR]
2025-04-29 00:36:16 [34m INFO[0;39m --- [TRAIN-SERVICE] [nio-8083-exec-1] c.train.aspect.ServiceLoggerAspect        - [Service]     ➡️ TrainServiceImpl.updateTrainSource(..) with arguments: [801, NAGPUR]
2025-04-29 00:36:16 [1;31mERROR[0;39m --- [TRAIN-SERVICE] [nio-8083-exec-1] c.train.aspect.ServiceLoggerAspect        - [Service]     ❌ TrainServiceImpl.updateTrainSource(..) threw: 404 NOT_FOUND "Train not found with ID: 801" | ResponseStatusException
2025-04-29 00:36:16 [34m INFO[0;39m --- [TRAIN-SERVICE] [nio-8083-exec-1] c.t.aspect.ControllerLoggerAspect         - [Controller]  ✅ TrainController.updateTrainSource(..) with result: <404 NOT_FOUND Not Found,[]>
2025-04-29 00:36:16 [34m INFO[0;39m --- [TRAIN-SERVICE] [nio-8083-exec-1] c.t.aspect.ControllerLoggerAspect         - [Controller]  ⏱️ TrainController.updateTrainSource(..) executed in 58 ms
2025-04-29 00:36:38 [34m INFO[0;39m --- [TRAIN-SERVICE] [on(4)-127.0.0.1] minMXBeanRegistrar$SpringApplicationAdmin - Application shutdown requested.
2025-04-29 00:36:38 [34m INFO[0;39m --- [TRAIN-SERVICE] [on(4)-127.0.0.1] o.s.c.n.e.s.EurekaServiceRegistry         - Unregistering application TRAIN-SERVICE with eureka with status DOWN
2025-04-29 00:36:38 [34m INFO[0;39m --- [TRAIN-SERVICE] [on(4)-127.0.0.1] c.netflix.discovery.DiscoveryClient       - Saw local status change event StatusChangeEvent [timestamp=1745867198599, current=DOWN, previous=UP]
2025-04-29 00:36:38 [34m INFO[0;39m --- [TRAIN-SERVICE] [foReplicator-%d] c.netflix.discovery.DiscoveryClient       - DiscoveryClient_TRAIN-SERVICE/Mayank:TRAIN-SERVICE:8083: registering service...
2025-04-29 00:36:38 [34m INFO[0;39m --- [TRAIN-SERVICE] [on(4)-127.0.0.1] o.s.b.w.e.tomcat.GracefulShutdown         - Commencing graceful shutdown. Waiting for active requests to complete
2025-04-29 00:36:38 [34m INFO[0;39m --- [TRAIN-SERVICE] [tomcat-shutdown] o.a.coyote.http11.Http11NioProtocol       - Pausing ProtocolHandler ["http-nio-8083"]
2025-04-29 00:36:38 [34m INFO[0;39m --- [TRAIN-SERVICE] [foReplicator-%d] c.netflix.discovery.DiscoveryClient       - DiscoveryClient_TRAIN-SERVICE/Mayank:TRAIN-SERVICE:8083 - registration status: 204
2025-04-29 00:36:38 [34m INFO[0;39m --- [TRAIN-SERVICE] [tomcat-shutdown] o.s.b.w.e.tomcat.GracefulShutdown         - Graceful shutdown complete
2025-04-29 00:36:38 [34m INFO[0;39m --- [TRAIN-SERVICE] [on(4)-127.0.0.1] o.a.coyote.http11.Http11NioProtocol       - Stopping ProtocolHandler ["http-nio-8083"]
2025-04-29 00:36:38 [34m INFO[0;39m --- [TRAIN-SERVICE] [on(4)-127.0.0.1] .j.LocalContainerEntityManagerFactoryBean - Closing JPA EntityManagerFactory for persistence unit 'default'
2025-04-29 00:36:38 [34m INFO[0;39m --- [TRAIN-SERVICE] [on(4)-127.0.0.1] com.zaxxer.hikari.HikariDataSource        - HikariPool-1 - Shutdown initiated...
2025-04-29 00:36:38 [34m INFO[0;39m --- [TRAIN-SERVICE] [on(4)-127.0.0.1] com.zaxxer.hikari.HikariDataSource        - HikariPool-1 - Shutdown completed.
2025-04-29 00:36:38 [34m INFO[0;39m --- [TRAIN-SERVICE] [on(4)-127.0.0.1] c.netflix.discovery.DiscoveryClient       - Shutting down DiscoveryClient ...
2025-04-29 00:36:41 [34m INFO[0;39m --- [TRAIN-SERVICE] [on(4)-127.0.0.1] c.netflix.discovery.DiscoveryClient       - Unregistering ...
2025-04-29 00:36:41 [34m INFO[0;39m --- [TRAIN-SERVICE] [on(4)-127.0.0.1] c.netflix.discovery.DiscoveryClient       - DiscoveryClient_TRAIN-SERVICE/Mayank:TRAIN-SERVICE:8083 - deregister  status: 200
2025-04-29 00:36:41 [34m INFO[0;39m --- [TRAIN-SERVICE] [on(4)-127.0.0.1] c.netflix.discovery.DiscoveryClient       - Completed shut down of DiscoveryClient
2025-04-29 01:00:38 [34m INFO[0;39m --- [TRAIN-SERVICE] [           main] com.train.TrainService1Application        - Starting TrainService1Application using Java 21.0.6 with PID 18924 (C:\Users\Hp\Desktop\Case Study\RMS\TrainService\target\classes started by Hp in C:\Users\Hp\Desktop\Case Study\RMS\TrainService)
2025-04-29 01:00:38 [34m INFO[0;39m --- [TRAIN-SERVICE] [           main] com.train.TrainService1Application        - No active profile set, falling back to 1 default profile: "default"
2025-04-29 01:00:39 [34m INFO[0;39m --- [TRAIN-SERVICE] [           main] o.s.d.r.c.RepositoryConfigurationDelegate - Bootstrapping Spring Data JPA repositories in DEFAULT mode.
2025-04-29 01:00:39 [34m INFO[0;39m --- [TRAIN-SERVICE] [           main] o.s.d.r.c.RepositoryConfigurationDelegate - Finished Spring Data repository scanning in 118 ms. Found 1 JPA repository interface.
2025-04-29 01:00:39 [34m INFO[0;39m --- [TRAIN-SERVICE] [           main] o.s.cloud.context.scope.GenericScope      - BeanFactory id=0fc5400d-8fe1-3119-9883-4cc390095e63
2025-04-29 01:00:39 [34m INFO[0;39m --- [TRAIN-SERVICE] [           main] o.s.b.w.e.tomcat.TomcatWebServer          - Tomcat initialized with port 8083 (http)
2025-04-29 01:00:39 [34m INFO[0;39m --- [TRAIN-SERVICE] [           main] o.a.coyote.http11.Http11NioProtocol       - Initializing ProtocolHandler ["http-nio-8083"]
2025-04-29 01:00:39 [34m INFO[0;39m --- [TRAIN-SERVICE] [           main] o.a.catalina.core.StandardService         - Starting service [Tomcat]
2025-04-29 01:00:39 [34m INFO[0;39m --- [TRAIN-SERVICE] [           main] o.a.catalina.core.StandardEngine          - Starting Servlet engine: [Apache Tomcat/10.1.39]
2025-04-29 01:00:39 [34m INFO[0;39m --- [TRAIN-SERVICE] [           main] o.a.c.c.C.[Tomcat].[localhost].[/]        - Initializing Spring embedded WebApplicationContext
2025-04-29 01:00:39 [34m INFO[0;39m --- [TRAIN-SERVICE] [           main] .w.s.c.ServletWebServerApplicationContext - Root WebApplicationContext: initialization completed in 1373 ms
2025-04-29 01:00:40 [34m INFO[0;39m --- [TRAIN-SERVICE] [           main] o.h.jpa.internal.util.LogHelper           - HHH000204: Processing PersistenceUnitInfo [name: default]
2025-04-29 01:00:40 [34m INFO[0;39m --- [TRAIN-SERVICE] [           main] org.hibernate.Version                     - HHH000412: Hibernate ORM core version 6.6.11.Final
2025-04-29 01:00:40 [34m INFO[0;39m --- [TRAIN-SERVICE] [           main] o.h.c.i.RegionFactoryInitiator            - HHH000026: Second-level cache disabled
2025-04-29 01:00:40 [34m INFO[0;39m --- [TRAIN-SERVICE] [           main] o.s.o.j.p.SpringPersistenceUnitInfo       - No LoadTimeWeaver setup: ignoring JPA class transformer
2025-04-29 01:00:40 [34m INFO[0;39m --- [TRAIN-SERVICE] [           main] com.zaxxer.hikari.HikariDataSource        - HikariPool-1 - Starting...
2025-04-29 01:00:40 [34m INFO[0;39m --- [TRAIN-SERVICE] [           main] com.zaxxer.hikari.pool.HikariPool         - HikariPool-1 - Added connection com.mysql.cj.jdbc.ConnectionImpl@6fe9c048
2025-04-29 01:00:40 [34m INFO[0;39m --- [TRAIN-SERVICE] [           main] com.zaxxer.hikari.HikariDataSource        - HikariPool-1 - Start completed.
2025-04-29 01:00:40 [34m INFO[0;39m --- [TRAIN-SERVICE] [           main] o.hibernate.orm.connections.pooling       - HHH10001005: Database info:
	Database JDBC URL [Connecting through datasource 'HikariDataSource (HikariPool-1)']
	Database driver: undefined/unknown
	Database version: 8.0.41
	Autocommit mode: undefined/unknown
	Isolation level: undefined/unknown
	Minimum pool size: undefined/unknown
	Maximum pool size: undefined/unknown
2025-04-29 01:00:41 [34m INFO[0;39m --- [TRAIN-SERVICE] [           main] o.h.e.t.j.p.i.JtaPlatformInitiator        - HHH000489: No JTA platform available (set 'hibernate.transaction.jta.platform' to enable JTA platform integration)
2025-04-29 01:00:41 [34m INFO[0;39m --- [TRAIN-SERVICE] [           main] .j.LocalContainerEntityManagerFactoryBean - Initialized JPA EntityManagerFactory for persistence unit 'default'
2025-04-29 01:00:41 [34m INFO[0;39m --- [TRAIN-SERVICE] [           main] o.s.d.j.r.query.QueryEnhancerFactory      - Hibernate is in classpath; If applicable, HQL parser will be used.
2025-04-29 01:00:42 [31m WARN[0;39m --- [TRAIN-SERVICE] [           main] .JpaBaseConfiguration$JpaWebConfiguration - spring.jpa.open-in-view is enabled by default. Therefore, database queries may be performed during view rendering. Explicitly configure spring.jpa.open-in-view to disable this warning
2025-04-29 01:00:42 [34m INFO[0;39m --- [TRAIN-SERVICE] [           main] o.s.v.b.OptionalValidatorFactoryBean      - Failed to set up a Bean Validation provider: jakarta.validation.NoProviderFoundException: Unable to create a Configuration, because no Jakarta Validation provider could be found. Add a provider like Hibernate Validator (RI) to your classpath.
2025-04-29 01:00:42 [34m INFO[0;39m --- [TRAIN-SERVICE] [           main] .DiscoveryClientOptionalArgsConfiguration - Eureka HTTP Client uses RestTemplate.
2025-04-29 01:00:42 [31m WARN[0;39m --- [TRAIN-SERVICE] [           main] figuration$LoadBalancerCaffeineWarnLogger - Spring Cloud LoadBalancer is currently working with the default cache. While this cache implementation is useful for development and tests, it's recommended to use Caffeine cache in production.You can switch to using Caffeine cache, by adding it and org.springframework.cache.caffeine.CaffeineCacheManager to the classpath.
2025-04-29 01:00:43 [34m INFO[0;39m --- [TRAIN-SERVICE] [           main] o.s.c.n.eureka.InstanceInfoFactory        - Setting initial instance status as: STARTING
2025-04-29 01:00:43 [34m INFO[0;39m --- [TRAIN-SERVICE] [           main] c.netflix.discovery.DiscoveryClient       - Initializing Eureka in region us-east-1
2025-04-29 01:00:43 [34m INFO[0;39m --- [TRAIN-SERVICE] [           main] c.n.d.s.r.aws.ConfigClusterResolver       - Resolving eureka endpoints via configuration
2025-04-29 01:00:43 [34m INFO[0;39m --- [TRAIN-SERVICE] [           main] c.netflix.discovery.DiscoveryClient       - Disable delta property : false
2025-04-29 01:00:43 [34m INFO[0;39m --- [TRAIN-SERVICE] [           main] c.netflix.discovery.DiscoveryClient       - Single vip registry refresh property : null
2025-04-29 01:00:43 [34m INFO[0;39m --- [TRAIN-SERVICE] [           main] c.netflix.discovery.DiscoveryClient       - Force full registry fetch : false
2025-04-29 01:00:43 [34m INFO[0;39m --- [TRAIN-SERVICE] [           main] c.netflix.discovery.DiscoveryClient       - Application is null : false
2025-04-29 01:00:43 [34m INFO[0;39m --- [TRAIN-SERVICE] [           main] c.netflix.discovery.DiscoveryClient       - Registered Applications size is zero : true
2025-04-29 01:00:43 [34m INFO[0;39m --- [TRAIN-SERVICE] [           main] c.netflix.discovery.DiscoveryClient       - Application version is -1: true
2025-04-29 01:00:43 [34m INFO[0;39m --- [TRAIN-SERVICE] [           main] c.netflix.discovery.DiscoveryClient       - Getting all instance registry info from the eureka server
2025-04-29 01:00:43 [34m INFO[0;39m --- [TRAIN-SERVICE] [           main] c.netflix.discovery.DiscoveryClient       - The response status is 200
2025-04-29 01:00:43 [34m INFO[0;39m --- [TRAIN-SERVICE] [           main] c.netflix.discovery.DiscoveryClient       - Starting heartbeat executor: renew interval is: 30
2025-04-29 01:00:43 [34m INFO[0;39m --- [TRAIN-SERVICE] [           main] c.n.discovery.InstanceInfoReplicator      - InstanceInfoReplicator onDemand update allowed rate per min is 4
2025-04-29 01:00:43 [34m INFO[0;39m --- [TRAIN-SERVICE] [           main] c.netflix.discovery.DiscoveryClient       - Discovery Client initialized at timestamp 1745868643325 with initial instances count: 2
2025-04-29 01:00:43 [34m INFO[0;39m --- [TRAIN-SERVICE] [           main] o.s.c.n.e.s.EurekaServiceRegistry         - Registering application TRAIN-SERVICE with eureka with status UP
2025-04-29 01:00:43 [34m INFO[0;39m --- [TRAIN-SERVICE] [           main] c.netflix.discovery.DiscoveryClient       - Saw local status change event StatusChangeEvent [timestamp=1745868643330, current=UP, previous=STARTING]
2025-04-29 01:00:43 [34m INFO[0;39m --- [TRAIN-SERVICE] [           main] o.a.coyote.http11.Http11NioProtocol       - Starting ProtocolHandler ["http-nio-8083"]
2025-04-29 01:00:43 [34m INFO[0;39m --- [TRAIN-SERVICE] [foReplicator-%d] c.netflix.discovery.DiscoveryClient       - DiscoveryClient_TRAIN-SERVICE/Mayank:TRAIN-SERVICE:8083: registering service...
2025-04-29 01:00:43 [34m INFO[0;39m --- [TRAIN-SERVICE] [           main] o.s.b.w.e.tomcat.TomcatWebServer          - Tomcat started on port 8083 (http) with context path '/'
2025-04-29 01:00:43 [34m INFO[0;39m --- [TRAIN-SERVICE] [           main] o.s.c.n.e.s.EurekaAutoServiceRegistration - Updating port to 8083
2025-04-29 01:00:43 [34m INFO[0;39m --- [TRAIN-SERVICE] [           main] com.train.TrainService1Application        - Started TrainService1Application in 5.182 seconds (process running for 5.926)
2025-04-29 01:00:43 [34m INFO[0;39m --- [TRAIN-SERVICE] [foReplicator-%d] c.netflix.discovery.DiscoveryClient       - DiscoveryClient_TRAIN-SERVICE/Mayank:TRAIN-SERVICE:8083 - registration status: 204
2025-04-29 01:00:46 [34m INFO[0;39m --- [TRAIN-SERVICE] [nio-8083-exec-1] o.a.c.c.C.[Tomcat].[localhost].[/]        - Initializing Spring DispatcherServlet 'dispatcherServlet'
2025-04-29 01:00:46 [34m INFO[0;39m --- [TRAIN-SERVICE] [nio-8083-exec-1] o.s.web.servlet.DispatcherServlet         - Initializing Servlet 'dispatcherServlet'
2025-04-29 01:00:46 [34m INFO[0;39m --- [TRAIN-SERVICE] [nio-8083-exec-1] o.s.web.servlet.DispatcherServlet         - Completed initialization in 1 ms
2025-04-29 01:00:46 [34m INFO[0;39m --- [TRAIN-SERVICE] [nio-8083-exec-1] c.t.aspect.ControllerLoggerAspect         - [Controller]  ➡️ TrainController.updateTrainSource(..) with arguments: [801, NAGPUR]
2025-04-29 01:00:46 [34m INFO[0;39m --- [TRAIN-SERVICE] [nio-8083-exec-1] c.train.aspect.ServiceLoggerAspect        - [Service]     ➡️ TrainServiceImpl.updateTrainSource(..) with arguments: [801, NAGPUR]
2025-04-29 01:00:46 [1;31mERROR[0;39m --- [TRAIN-SERVICE] [nio-8083-exec-1] c.train.aspect.ServiceLoggerAspect        - [Service]     ❌ TrainServiceImpl.updateTrainSource(..) threw: 404 NOT_FOUND "Train not found with ID: 801" | ResponseStatusException
2025-04-29 01:00:46 [34m INFO[0;39m --- [TRAIN-SERVICE] [nio-8083-exec-1] c.t.aspect.ControllerLoggerAspect         - [Controller]  ✅ TrainController.updateTrainSource(..) with result: <404 NOT_FOUND Not Found,[]>
2025-04-29 01:00:46 [34m INFO[0;39m --- [TRAIN-SERVICE] [nio-8083-exec-1] c.t.aspect.ControllerLoggerAspect         - [Controller]  ⏱️ TrainController.updateTrainSource(..) executed in 50 ms
2025-04-29 01:01:25 [34m INFO[0;39m --- [TRAIN-SERVICE] [nio-8083-exec-2] c.t.aspect.ControllerLoggerAspect         - [Controller]  ➡️ TrainController.updateTrainSource(..) with arguments: [81, NAGPUR]
2025-04-29 01:01:25 [34m INFO[0;39m --- [TRAIN-SERVICE] [nio-8083-exec-2] c.train.aspect.ServiceLoggerAspect        - [Service]     ➡️ TrainServiceImpl.updateTrainSource(..) with arguments: [81, NAGPUR]
2025-04-29 01:01:25 [34m INFO[0;39m --- [TRAIN-SERVICE] [nio-8083-exec-2] c.train.aspect.ServiceLoggerAspect        - [Service]     ✅ TrainServiceImpl.updateTrainSource(..) with result: Train(id=81, trainName=Express 10, source=NAGPUR, destination=Delhi, departureTime=2025-04-20T08:30, arrivalTime=2025-04-20T18:45, availableSeats=120, bookedSeats=30)
2025-04-29 01:01:25 [34m INFO[0;39m --- [TRAIN-SERVICE] [nio-8083-exec-2] c.train.aspect.ServiceLoggerAspect        - [Service]     ⏱️ TrainServiceImpl.updateTrainSource(..) executed in 27 ms
2025-04-29 01:01:25 [34m INFO[0;39m --- [TRAIN-SERVICE] [nio-8083-exec-2] c.t.aspect.ControllerLoggerAspect         - [Controller]  ✅ TrainController.updateTrainSource(..) with result: <200 OK OK,Train(id=81, trainName=Express 10, source=NAGPUR, destination=Delhi, departureTime=2025-04-20T08:30, arrivalTime=2025-04-20T18:45, availableSeats=120, bookedSeats=30),[]>
2025-04-29 01:01:25 [34m INFO[0;39m --- [TRAIN-SERVICE] [nio-8083-exec-2] c.t.aspect.ControllerLoggerAspect         - [Controller]  ⏱️ TrainController.updateTrainSource(..) executed in 27 ms
2025-04-29 01:03:14 [34m INFO[0;39m --- [TRAIN-SERVICE] [on(6)-127.0.0.1] minMXBeanRegistrar$SpringApplicationAdmin - Application shutdown requested.
2025-04-29 01:03:14 [34m INFO[0;39m --- [TRAIN-SERVICE] [on(6)-127.0.0.1] o.s.c.n.e.s.EurekaServiceRegistry         - Unregistering application TRAIN-SERVICE with eureka with status DOWN
2025-04-29 01:03:14 [34m INFO[0;39m --- [TRAIN-SERVICE] [on(6)-127.0.0.1] c.netflix.discovery.DiscoveryClient       - Saw local status change event StatusChangeEvent [timestamp=1745868794119, current=DOWN, previous=UP]
2025-04-29 01:03:14 [34m INFO[0;39m --- [TRAIN-SERVICE] [foReplicator-%d] c.netflix.discovery.DiscoveryClient       - DiscoveryClient_TRAIN-SERVICE/Mayank:TRAIN-SERVICE:8083: registering service...
2025-04-29 01:03:14 [34m INFO[0;39m --- [TRAIN-SERVICE] [on(6)-127.0.0.1] o.s.b.w.e.tomcat.GracefulShutdown         - Commencing graceful shutdown. Waiting for active requests to complete
2025-04-29 01:03:14 [34m INFO[0;39m --- [TRAIN-SERVICE] [tomcat-shutdown] o.a.coyote.http11.Http11NioProtocol       - Pausing ProtocolHandler ["http-nio-8083"]
2025-04-29 01:03:14 [34m INFO[0;39m --- [TRAIN-SERVICE] [foReplicator-%d] c.netflix.discovery.DiscoveryClient       - DiscoveryClient_TRAIN-SERVICE/Mayank:TRAIN-SERVICE:8083 - registration status: 204
2025-04-29 01:03:14 [34m INFO[0;39m --- [TRAIN-SERVICE] [tomcat-shutdown] o.s.b.w.e.tomcat.GracefulShutdown         - Graceful shutdown complete
2025-04-29 01:03:14 [34m INFO[0;39m --- [TRAIN-SERVICE] [on(6)-127.0.0.1] o.a.coyote.http11.Http11NioProtocol       - Stopping ProtocolHandler ["http-nio-8083"]
2025-04-29 01:03:14 [34m INFO[0;39m --- [TRAIN-SERVICE] [on(6)-127.0.0.1] .j.LocalContainerEntityManagerFactoryBean - Closing JPA EntityManagerFactory for persistence unit 'default'
2025-04-29 01:03:14 [34m INFO[0;39m --- [TRAIN-SERVICE] [on(6)-127.0.0.1] com.zaxxer.hikari.HikariDataSource        - HikariPool-1 - Shutdown initiated...
2025-04-29 01:03:14 [34m INFO[0;39m --- [TRAIN-SERVICE] [on(6)-127.0.0.1] com.zaxxer.hikari.HikariDataSource        - HikariPool-1 - Shutdown completed.
2025-04-29 01:03:14 [34m INFO[0;39m --- [TRAIN-SERVICE] [on(6)-127.0.0.1] c.netflix.discovery.DiscoveryClient       - Shutting down DiscoveryClient ...
2025-04-29 01:03:17 [34m INFO[0;39m --- [TRAIN-SERVICE] [on(6)-127.0.0.1] c.netflix.discovery.DiscoveryClient       - Unregistering ...
2025-04-29 01:03:17 [34m INFO[0;39m --- [TRAIN-SERVICE] [on(6)-127.0.0.1] c.netflix.discovery.DiscoveryClient       - DiscoveryClient_TRAIN-SERVICE/Mayank:TRAIN-SERVICE:8083 - deregister  status: 200
2025-04-29 01:03:17 [34m INFO[0;39m --- [TRAIN-SERVICE] [on(6)-127.0.0.1] c.netflix.discovery.DiscoveryClient       - Completed shut down of DiscoveryClient
